14:32:17 INFO  : Registering command handlers for SDK TCF services
14:32:18 INFO  : Launching XSCT server: xsct.bat -interactive E:\Downloads\Basys3-master\Basys3-master\Projects\GPIO\proj\ALS_2\ALS_2.sdk\temp_xsdb_launch_script.tcl
14:32:26 INFO  : XSCT server has started successfully.
14:32:26 INFO  : Successfully done setting XSCT server connection channel  
14:32:29 INFO  : Successfully done setting SDK workspace  
14:32:29 INFO  : Processing command line option -hwspec E:/Downloads/Basys3-master/Basys3-master/Projects/GPIO/proj/ALS_2/ALS_2.sdk/design_1_wrapper.hdf.
14:33:37 INFO  : Connected to target on host '127.0.0.1' and port '3121'.
14:34:11 INFO  : Connected to target on host '127.0.0.1' and port '3121'.
14:34:29 INFO  : Connected to target on host '127.0.0.1' and port '3121'.
14:36:34 INFO  : Connected to target on host '127.0.0.1' and port '3121'.
14:36:34 INFO  : 'targets -set -filter {jtag_cable_name =~ "Digilent Basys3 210183740509A" && level==0} -index 0' command is executed.
14:36:36 INFO  : FPGA configured successfully with bitstream "E:/Downloads/Basys3-master/Basys3-master/Projects/GPIO/proj/ALS_2/ALS_2.sdk/design_1_wrapper_hw_platform_0/download.bit"
14:36:42 INFO  : 'targets -set -filter {jtag_cable_name =~ "Digilent Basys3 210183740509A" && level==0} -index 0' command is executed.
14:36:43 INFO  : 'fpga -state' command is executed.
14:36:43 INFO  : Connected to target on host '127.0.0.1' and port '3121'.
14:36:43 INFO  : Jtag cable 'Digilent Basys3 210183740509A' is selected.
14:36:43 INFO  : 'jtag frequency' command is executed.
14:36:43 INFO  : Context for processor 'microblaze_0' is selected.
14:36:43 INFO  : Hardware design information is loaded from 'E:/Downloads/Basys3-master/Basys3-master/Projects/GPIO/proj/ALS_2/ALS_2.sdk/design_1_wrapper_hw_platform_0/system.hdf'.
14:36:43 INFO  : Context for processor 'microblaze_0' is selected.
14:36:44 INFO  : Processor reset is completed for 'microblaze_0'.
14:36:44 INFO  : Context for processor 'microblaze_0' is selected.
14:36:45 INFO  : The application 'E:/Downloads/Basys3-master/Basys3-master/Projects/GPIO/proj/ALS_2/ALS_2.sdk/Pmod/Debug/Pmod.elf' is downloaded to processor 'microblaze_0'.
14:36:45 INFO  : ----------------XSDB Script----------------
connect -url tcp:127.0.0.1:3121
targets -set -nocase -filter {name =~ "microblaze*#0" && bscan=="USER2"  && jtag_cable_name =~ "Digilent Basys3 210183740509A"} -index 0
loadhw E:/Downloads/Basys3-master/Basys3-master/Projects/GPIO/proj/ALS_2/ALS_2.sdk/design_1_wrapper_hw_platform_0/system.hdf
targets -set -nocase -filter {name =~ "microblaze*#0" && bscan=="USER2"  && jtag_cable_name =~ "Digilent Basys3 210183740509A"} -index 0
rst -processor
targets -set -nocase -filter {name =~ "microblaze*#0" && bscan=="USER2"  && jtag_cable_name =~ "Digilent Basys3 210183740509A"} -index 0
dow E:/Downloads/Basys3-master/Basys3-master/Projects/GPIO/proj/ALS_2/ALS_2.sdk/Pmod/Debug/Pmod.elf
----------------End of Script----------------

14:36:45 INFO  : Memory regions updated for context MicroBlaze #0
14:36:45 INFO  : Memory regions updated for context MicroBlaze Debug Module at USER2
14:36:46 INFO  : Context for processor 'microblaze_0' is selected.
14:36:46 INFO  : 'con' command is executed.
14:36:46 INFO  : ----------------XSDB Script (After Launch)----------------
targets -set -nocase -filter {name =~ "microblaze*#0" && bscan=="USER2"  && jtag_cable_name =~ "Digilent Basys3 210183740509A"} -index 0
con
----------------End of Script----------------

14:36:46 INFO  : Launch script is exported to file 'E:\Downloads\Basys3-master\Basys3-master\Projects\GPIO\proj\ALS_2\ALS_2.sdk\.sdk\launch_scripts\xilinx_c-c++_application_(system_debugger)\system_debugger_using_debug_pmod.elf_on_local.tcl'
14:37:01 INFO  : Disconnected from the channel tcfchan#1.
14:37:03 INFO  : 'targets -set -filter {jtag_cable_name =~ "Digilent Basys3 210183740509A" && level==0} -index 0' command is executed.
14:37:03 INFO  : 'fpga -state' command is executed.
14:37:03 INFO  : Connected to target on host '127.0.0.1' and port '3121'.
14:37:03 INFO  : Jtag cable 'Digilent Basys3 210183740509A' is selected.
14:37:03 INFO  : 'jtag frequency' command is executed.
14:37:03 INFO  : Context for processor 'microblaze_0' is selected.
14:37:04 INFO  : Hardware design information is loaded from 'E:/Downloads/Basys3-master/Basys3-master/Projects/GPIO/proj/ALS_2/ALS_2.sdk/design_1_wrapper_hw_platform_0/system.hdf'.
14:37:04 INFO  : Context for processor 'microblaze_0' is selected.
14:37:04 INFO  : Processor reset is completed for 'microblaze_0'.
14:37:04 INFO  : Context for processor 'microblaze_0' is selected.
14:37:05 INFO  : The application 'E:/Downloads/Basys3-master/Basys3-master/Projects/GPIO/proj/ALS_2/ALS_2.sdk/Pmod/Debug/Pmod.elf' is downloaded to processor 'microblaze_0'.
14:37:05 INFO  : ----------------XSDB Script----------------
connect -url tcp:127.0.0.1:3121
targets -set -nocase -filter {name =~ "microblaze*#0" && bscan=="USER2"  && jtag_cable_name =~ "Digilent Basys3 210183740509A"} -index 0
loadhw E:/Downloads/Basys3-master/Basys3-master/Projects/GPIO/proj/ALS_2/ALS_2.sdk/design_1_wrapper_hw_platform_0/system.hdf
targets -set -nocase -filter {name =~ "microblaze*#0" && bscan=="USER2"  && jtag_cable_name =~ "Digilent Basys3 210183740509A"} -index 0
rst -processor
targets -set -nocase -filter {name =~ "microblaze*#0" && bscan=="USER2"  && jtag_cable_name =~ "Digilent Basys3 210183740509A"} -index 0
dow E:/Downloads/Basys3-master/Basys3-master/Projects/GPIO/proj/ALS_2/ALS_2.sdk/Pmod/Debug/Pmod.elf
----------------End of Script----------------

14:37:05 INFO  : Memory regions updated for context MicroBlaze #0
14:37:05 INFO  : Memory regions updated for context MicroBlaze Debug Module at USER2
14:37:05 INFO  : Context for processor 'microblaze_0' is selected.
14:37:05 INFO  : 'con' command is executed.
14:37:05 INFO  : ----------------XSDB Script (After Launch)----------------
targets -set -nocase -filter {name =~ "microblaze*#0" && bscan=="USER2"  && jtag_cable_name =~ "Digilent Basys3 210183740509A"} -index 0
con
----------------End of Script----------------

14:37:05 INFO  : Launch script is exported to file 'E:\Downloads\Basys3-master\Basys3-master\Projects\GPIO\proj\ALS_2\ALS_2.sdk\.sdk\launch_scripts\xilinx_c-c++_application_(system_debugger)\system_debugger_using_debug_pmod.elf_on_local.tcl'
14:43:37 INFO  : Connected to target on host '127.0.0.1' and port '3121'.
14:43:38 INFO  : 'targets -set -filter {jtag_cable_name =~ "Digilent Basys3 210183738945A" && level==0} -index 0' command is executed.
14:43:39 INFO  : FPGA configured successfully with bitstream "E:/Downloads/Basys3-master/Basys3-master/Projects/GPIO/proj/ALS_2/ALS_2.sdk/design_1_wrapper_hw_platform_0/download.bit"
14:43:59 INFO  : Disconnected from the channel tcfchan#2.
14:44:00 INFO  : 'targets -set -filter {jtag_cable_name =~ "Digilent Basys3 210183738945A" && level==0} -index 0' command is executed.
14:44:00 INFO  : 'fpga -state' command is executed.
14:44:00 INFO  : Connected to target on host '127.0.0.1' and port '3121'.
14:44:01 INFO  : Jtag cable 'Digilent Basys3 210183738945A' is selected.
14:44:01 INFO  : 'jtag frequency' command is executed.
14:44:01 INFO  : Context for processor 'microblaze_0' is selected.
14:44:02 INFO  : Hardware design information is loaded from 'E:/Downloads/Basys3-master/Basys3-master/Projects/GPIO/proj/ALS_2/ALS_2.sdk/design_1_wrapper_hw_platform_0/system.hdf'.
14:44:02 INFO  : Context for processor 'microblaze_0' is selected.
14:44:03 INFO  : Processor reset is completed for 'microblaze_0'.
14:44:03 INFO  : Context for processor 'microblaze_0' is selected.
14:44:04 INFO  : The application 'E:/Downloads/Basys3-master/Basys3-master/Projects/GPIO/proj/ALS_2/ALS_2.sdk/Pmod/Debug/Pmod.elf' is downloaded to processor 'microblaze_0'.
14:44:04 INFO  : ----------------XSDB Script----------------
connect -url tcp:127.0.0.1:3121
targets -set -nocase -filter {name =~ "microblaze*#0" && bscan=="USER2"  && jtag_cable_name =~ "Digilent Basys3 210183738945A"} -index 0
loadhw E:/Downloads/Basys3-master/Basys3-master/Projects/GPIO/proj/ALS_2/ALS_2.sdk/design_1_wrapper_hw_platform_0/system.hdf
targets -set -nocase -filter {name =~ "microblaze*#0" && bscan=="USER2"  && jtag_cable_name =~ "Digilent Basys3 210183738945A"} -index 0
rst -processor
targets -set -nocase -filter {name =~ "microblaze*#0" && bscan=="USER2"  && jtag_cable_name =~ "Digilent Basys3 210183738945A"} -index 0
dow E:/Downloads/Basys3-master/Basys3-master/Projects/GPIO/proj/ALS_2/ALS_2.sdk/Pmod/Debug/Pmod.elf
----------------End of Script----------------

14:44:04 INFO  : Memory regions updated for context MicroBlaze #0
14:44:04 INFO  : Memory regions updated for context MicroBlaze Debug Module at USER2
14:44:04 INFO  : Context for processor 'microblaze_0' is selected.
14:44:04 INFO  : 'con' command is executed.
14:44:04 INFO  : ----------------XSDB Script (After Launch)----------------
targets -set -nocase -filter {name =~ "microblaze*#0" && bscan=="USER2"  && jtag_cable_name =~ "Digilent Basys3 210183738945A"} -index 0
con
----------------End of Script----------------

14:44:04 INFO  : Launch script is exported to file 'E:\Downloads\Basys3-master\Basys3-master\Projects\GPIO\proj\ALS_2\ALS_2.sdk\.sdk\launch_scripts\xilinx_c-c++_application_(system_debugger)\system_debugger_using_debug_pmod.elf_on_local.tcl'
14:45:04 INFO  : Disconnected from the channel tcfchan#3.
14:45:06 INFO  : 'targets -set -filter {jtag_cable_name =~ "Digilent Basys3 210183738945A" && level==0} -index 0' command is executed.
14:45:06 INFO  : 'fpga -state' command is executed.
14:45:06 INFO  : Connected to target on host '127.0.0.1' and port '3121'.
14:45:06 INFO  : Jtag cable 'Digilent Basys3 210183738945A' is selected.
14:45:06 INFO  : 'jtag frequency' command is executed.
14:45:06 INFO  : Context for processor 'microblaze_0' is selected.
14:45:07 INFO  : Hardware design information is loaded from 'E:/Downloads/Basys3-master/Basys3-master/Projects/GPIO/proj/ALS_2/ALS_2.sdk/design_1_wrapper_hw_platform_0/system.hdf'.
14:45:07 INFO  : Context for processor 'microblaze_0' is selected.
14:45:08 INFO  : Processor reset is completed for 'microblaze_0'.
14:45:08 INFO  : Context for processor 'microblaze_0' is selected.
14:45:09 INFO  : The application 'E:/Downloads/Basys3-master/Basys3-master/Projects/GPIO/proj/ALS_2/ALS_2.sdk/Pmod/Debug/Pmod.elf' is downloaded to processor 'microblaze_0'.
14:45:09 INFO  : ----------------XSDB Script----------------
connect -url tcp:127.0.0.1:3121
targets -set -nocase -filter {name =~ "microblaze*#0" && bscan=="USER2"  && jtag_cable_name =~ "Digilent Basys3 210183738945A"} -index 0
loadhw E:/Downloads/Basys3-master/Basys3-master/Projects/GPIO/proj/ALS_2/ALS_2.sdk/design_1_wrapper_hw_platform_0/system.hdf
targets -set -nocase -filter {name =~ "microblaze*#0" && bscan=="USER2"  && jtag_cable_name =~ "Digilent Basys3 210183738945A"} -index 0
rst -processor
targets -set -nocase -filter {name =~ "microblaze*#0" && bscan=="USER2"  && jtag_cable_name =~ "Digilent Basys3 210183738945A"} -index 0
dow E:/Downloads/Basys3-master/Basys3-master/Projects/GPIO/proj/ALS_2/ALS_2.sdk/Pmod/Debug/Pmod.elf
----------------End of Script----------------

14:45:09 INFO  : Memory regions updated for context MicroBlaze #0
14:45:09 INFO  : Memory regions updated for context MicroBlaze Debug Module at USER2
14:45:09 INFO  : Context for processor 'microblaze_0' is selected.
14:45:10 INFO  : 'con' command is executed.
14:45:10 INFO  : ----------------XSDB Script (After Launch)----------------
targets -set -nocase -filter {name =~ "microblaze*#0" && bscan=="USER2"  && jtag_cable_name =~ "Digilent Basys3 210183738945A"} -index 0
con
----------------End of Script----------------

14:45:10 INFO  : Launch script is exported to file 'E:\Downloads\Basys3-master\Basys3-master\Projects\GPIO\proj\ALS_2\ALS_2.sdk\.sdk\launch_scripts\xilinx_c-c++_application_(system_debugger)\system_debugger_using_debug_pmod.elf_on_local.tcl'
21:12:33 INFO  : Disconnected from the channel tcfchan#4.
10:45:05 INFO  : Registering command handlers for SDK TCF services
10:45:05 INFO  : Launching XSCT server: xsct.bat -interactive E:\Downloads\Basys3-master\Basys3-master\Projects\GPIO\proj\ALS_2\ALS_2.sdk\temp_xsdb_launch_script.tcl
10:45:07 INFO  : XSCT server has started successfully.
10:45:07 INFO  : Successfully done setting XSCT server connection channel  
10:45:07 INFO  : Successfully done setting SDK workspace  
10:45:07 INFO  : Processing command line option -hwspec E:/Downloads/Basys3-master/Basys3-master/Projects/GPIO/proj/ALS_2/ALS_2.sdk/design_1_wrapper.hdf.
10:45:07 INFO  : Checking for hwspec changes in the project design_1_wrapper_hw_platform_0.
10:45:33 INFO  : Connected to target on host '127.0.0.1' and port '3121'.
10:45:33 INFO  : 'targets -set -filter {jtag_cable_name =~ "Digilent Basys3 210183738945A" && level==0} -index 0' command is executed.
10:45:34 INFO  : FPGA configured successfully with bitstream "E:/Downloads/Basys3-master/Basys3-master/Projects/GPIO/proj/ALS_2/ALS_2.sdk/design_1_wrapper_hw_platform_0/download.bit"
10:45:44 INFO  : 'targets -set -filter {jtag_cable_name =~ "Digilent Basys3 210183738945A" && level==0} -index 0' command is executed.
10:45:44 INFO  : 'fpga -state' command is executed.
10:45:44 INFO  : Connected to target on host '127.0.0.1' and port '3121'.
10:45:44 INFO  : Jtag cable 'Digilent Basys3 210183738945A' is selected.
10:45:44 INFO  : 'jtag frequency' command is executed.
10:45:44 INFO  : Context for processor 'microblaze_0' is selected.
10:45:44 INFO  : Hardware design information is loaded from 'E:/Downloads/Basys3-master/Basys3-master/Projects/GPIO/proj/ALS_2/ALS_2.sdk/design_1_wrapper_hw_platform_0/system.hdf'.
10:45:44 INFO  : Context for processor 'microblaze_0' is selected.
10:45:45 INFO  : Processor reset is completed for 'microblaze_0'.
10:45:45 INFO  : Context for processor 'microblaze_0' is selected.
10:45:45 INFO  : The application 'E:/Downloads/Basys3-master/Basys3-master/Projects/GPIO/proj/ALS_2/ALS_2.sdk/Pmod/Debug/Pmod.elf' is downloaded to processor 'microblaze_0'.
10:45:45 INFO  : ----------------XSDB Script----------------
connect -url tcp:127.0.0.1:3121
targets -set -nocase -filter {name =~ "microblaze*#0" && bscan=="USER2"  && jtag_cable_name =~ "Digilent Basys3 210183738945A"} -index 0
loadhw E:/Downloads/Basys3-master/Basys3-master/Projects/GPIO/proj/ALS_2/ALS_2.sdk/design_1_wrapper_hw_platform_0/system.hdf
targets -set -nocase -filter {name =~ "microblaze*#0" && bscan=="USER2"  && jtag_cable_name =~ "Digilent Basys3 210183738945A"} -index 0
rst -processor
targets -set -nocase -filter {name =~ "microblaze*#0" && bscan=="USER2"  && jtag_cable_name =~ "Digilent Basys3 210183738945A"} -index 0
dow E:/Downloads/Basys3-master/Basys3-master/Projects/GPIO/proj/ALS_2/ALS_2.sdk/Pmod/Debug/Pmod.elf
----------------End of Script----------------

10:45:45 INFO  : Memory regions updated for context MicroBlaze #0
10:45:45 INFO  : Memory regions updated for context MicroBlaze Debug Module at USER2
10:45:45 INFO  : Context for processor 'microblaze_0' is selected.
10:45:45 INFO  : 'con' command is executed.
10:45:45 INFO  : ----------------XSDB Script (After Launch)----------------
targets -set -nocase -filter {name =~ "microblaze*#0" && bscan=="USER2"  && jtag_cable_name =~ "Digilent Basys3 210183738945A"} -index 0
con
----------------End of Script----------------

10:45:45 INFO  : Launch script is exported to file 'E:\Downloads\Basys3-master\Basys3-master\Projects\GPIO\proj\ALS_2\ALS_2.sdk\.sdk\launch_scripts\xilinx_c-c++_application_(system_debugger)\system_debugger_using_debug_pmod.elf_on_local.tcl'
10:47:19 INFO  : Launching XSCT server: xsct.bat -interactive E:\Downloads\Basys3-master\Basys3-master\Projects\GPIO\proj\ALS_2\ALS_2.sdk\temp_xsdb_launch_script.tcl
10:47:20 INFO  : XSCT server has started successfully.
10:48:04 INFO  : Connected to target on host '127.0.0.1' and port '3121'.
10:48:04 INFO  : 'targets -set -filter {jtag_cable_name =~ "Digilent Basys3 210183738945A" && level==0} -index 0' command is executed.
10:48:06 INFO  : FPGA configured successfully with bitstream "E:/Downloads/Basys3-master/Basys3-master/Projects/GPIO/proj/ALS_2/ALS_2.sdk/design_1_wrapper_hw_platform_0/download.bit"
10:48:50 INFO  : Disconnected from the channel tcfchan#1.
10:48:51 INFO  : 'targets -set -filter {jtag_cable_name =~ "Digilent Basys3 210183738945A" && level==0} -index 0' command is executed.
10:48:51 INFO  : 'fpga -state' command is executed.
10:48:51 INFO  : Connected to target on host '127.0.0.1' and port '3121'.
10:48:52 INFO  : Jtag cable 'Digilent Basys3 210183738945A' is selected.
10:48:52 INFO  : 'jtag frequency' command is executed.
10:48:52 INFO  : Context for processor 'microblaze_0' is selected.
10:48:52 INFO  : Hardware design information is loaded from 'E:/Downloads/Basys3-master/Basys3-master/Projects/GPIO/proj/ALS_2/ALS_2.sdk/design_1_wrapper_hw_platform_0/system.hdf'.
10:48:52 INFO  : Context for processor 'microblaze_0' is selected.
10:48:52 INFO  : Processor reset is completed for 'microblaze_0'.
10:48:52 INFO  : Context for processor 'microblaze_0' is selected.
10:48:52 INFO  : The application 'E:/Downloads/Basys3-master/Basys3-master/Projects/GPIO/proj/ALS_2/ALS_2.sdk/PmodALS/Debug/PmodALS.elf' is downloaded to processor 'microblaze_0'.
10:48:52 INFO  : ----------------XSDB Script----------------
connect -url tcp:127.0.0.1:3121
targets -set -nocase -filter {name =~ "microblaze*#0" && bscan=="USER2"  && jtag_cable_name =~ "Digilent Basys3 210183738945A"} -index 0
loadhw E:/Downloads/Basys3-master/Basys3-master/Projects/GPIO/proj/ALS_2/ALS_2.sdk/design_1_wrapper_hw_platform_0/system.hdf
targets -set -nocase -filter {name =~ "microblaze*#0" && bscan=="USER2"  && jtag_cable_name =~ "Digilent Basys3 210183738945A"} -index 0
rst -processor
targets -set -nocase -filter {name =~ "microblaze*#0" && bscan=="USER2"  && jtag_cable_name =~ "Digilent Basys3 210183738945A"} -index 0
dow E:/Downloads/Basys3-master/Basys3-master/Projects/GPIO/proj/ALS_2/ALS_2.sdk/PmodALS/Debug/PmodALS.elf
----------------End of Script----------------

10:48:52 INFO  : Memory regions updated for context MicroBlaze #0
10:48:52 INFO  : Memory regions updated for context MicroBlaze Debug Module at USER2
10:48:52 INFO  : Context for processor 'microblaze_0' is selected.
10:48:52 INFO  : 'con' command is executed.
10:48:52 INFO  : ----------------XSDB Script (After Launch)----------------
targets -set -nocase -filter {name =~ "microblaze*#0" && bscan=="USER2"  && jtag_cable_name =~ "Digilent Basys3 210183738945A"} -index 0
con
----------------End of Script----------------

10:48:52 INFO  : Launch script is exported to file 'E:\Downloads\Basys3-master\Basys3-master\Projects\GPIO\proj\ALS_2\ALS_2.sdk\.sdk\launch_scripts\xilinx_c-c++_application_(system_debugger)\system_debugger_using_debug_pmodals.elf_on_local.tcl'
10:52:05 INFO  : Connected to target on host '127.0.0.1' and port '3121'.
10:52:06 INFO  : 'targets -set -filter {jtag_cable_name =~ "Digilent Basys3 210183740509A" && level==0} -index 0' command is executed.
10:52:08 INFO  : FPGA configured successfully with bitstream "E:/Downloads/Basys3-master/Basys3-master/Projects/GPIO/proj/ALS_2/ALS_2.sdk/design_1_wrapper_hw_platform_0/download.bit"
10:52:16 INFO  : Disconnected from the channel tcfchan#2.
10:52:17 INFO  : 'targets -set -filter {jtag_cable_name =~ "Digilent Basys3 210183740509A" && level==0} -index 0' command is executed.
10:52:18 INFO  : 'fpga -state' command is executed.
10:52:18 INFO  : Connected to target on host '127.0.0.1' and port '3121'.
10:52:18 INFO  : Jtag cable 'Digilent Basys3 210183740509A' is selected.
10:52:19 INFO  : 'jtag frequency' command is executed.
10:52:19 INFO  : Context for processor 'microblaze_0' is selected.
10:52:19 INFO  : Hardware design information is loaded from 'E:/Downloads/Basys3-master/Basys3-master/Projects/GPIO/proj/ALS_2/ALS_2.sdk/design_1_wrapper_hw_platform_0/system.hdf'.
10:52:19 INFO  : Context for processor 'microblaze_0' is selected.
10:52:19 INFO  : Processor reset is completed for 'microblaze_0'.
10:52:20 INFO  : Context for processor 'microblaze_0' is selected.
10:52:20 INFO  : The application 'E:/Downloads/Basys3-master/Basys3-master/Projects/GPIO/proj/ALS_2/ALS_2.sdk/PmodALS/Debug/PmodALS.elf' is downloaded to processor 'microblaze_0'.
10:52:20 INFO  : ----------------XSDB Script----------------
connect -url tcp:127.0.0.1:3121
targets -set -nocase -filter {name =~ "microblaze*#0" && bscan=="USER2"  && jtag_cable_name =~ "Digilent Basys3 210183740509A"} -index 0
loadhw E:/Downloads/Basys3-master/Basys3-master/Projects/GPIO/proj/ALS_2/ALS_2.sdk/design_1_wrapper_hw_platform_0/system.hdf
targets -set -nocase -filter {name =~ "microblaze*#0" && bscan=="USER2"  && jtag_cable_name =~ "Digilent Basys3 210183740509A"} -index 0
rst -processor
targets -set -nocase -filter {name =~ "microblaze*#0" && bscan=="USER2"  && jtag_cable_name =~ "Digilent Basys3 210183740509A"} -index 0
dow E:/Downloads/Basys3-master/Basys3-master/Projects/GPIO/proj/ALS_2/ALS_2.sdk/PmodALS/Debug/PmodALS.elf
----------------End of Script----------------

10:52:20 INFO  : Memory regions updated for context MicroBlaze #0
10:52:20 INFO  : Memory regions updated for context MicroBlaze Debug Module at USER2
10:52:20 INFO  : Context for processor 'microblaze_0' is selected.
10:52:20 INFO  : 'con' command is executed.
10:52:20 INFO  : ----------------XSDB Script (After Launch)----------------
targets -set -nocase -filter {name =~ "microblaze*#0" && bscan=="USER2"  && jtag_cable_name =~ "Digilent Basys3 210183740509A"} -index 0
con
----------------End of Script----------------

10:52:20 INFO  : Launch script is exported to file 'E:\Downloads\Basys3-master\Basys3-master\Projects\GPIO\proj\ALS_2\ALS_2.sdk\.sdk\launch_scripts\xilinx_c-c++_application_(system_debugger)\system_debugger_using_debug_pmodals.elf_on_local.tcl'
10:52:43 INFO  : Disconnected from the channel tcfchan#3.
10:52:45 INFO  : 'targets -set -filter {jtag_cable_name =~ "Digilent Basys3 210183740509A" && level==0} -index 0' command is executed.
10:52:45 INFO  : 'fpga -state' command is executed.
10:52:45 INFO  : Connected to target on host '127.0.0.1' and port '3121'.
10:52:45 INFO  : Jtag cable 'Digilent Basys3 210183740509A' is selected.
10:52:45 INFO  : 'jtag frequency' command is executed.
10:52:45 INFO  : Context for processor 'microblaze_0' is selected.
10:52:46 INFO  : Hardware design information is loaded from 'E:/Downloads/Basys3-master/Basys3-master/Projects/GPIO/proj/ALS_2/ALS_2.sdk/design_1_wrapper_hw_platform_0/system.hdf'.
10:52:46 INFO  : Context for processor 'microblaze_0' is selected.
10:52:46 INFO  : Processor reset is completed for 'microblaze_0'.
10:52:46 INFO  : Context for processor 'microblaze_0' is selected.
10:52:46 INFO  : The application 'E:/Downloads/Basys3-master/Basys3-master/Projects/GPIO/proj/ALS_2/ALS_2.sdk/PmodALS/Debug/PmodALS.elf' is downloaded to processor 'microblaze_0'.
10:52:46 INFO  : ----------------XSDB Script----------------
connect -url tcp:127.0.0.1:3121
targets -set -nocase -filter {name =~ "microblaze*#0" && bscan=="USER2"  && jtag_cable_name =~ "Digilent Basys3 210183740509A"} -index 0
loadhw E:/Downloads/Basys3-master/Basys3-master/Projects/GPIO/proj/ALS_2/ALS_2.sdk/design_1_wrapper_hw_platform_0/system.hdf
targets -set -nocase -filter {name =~ "microblaze*#0" && bscan=="USER2"  && jtag_cable_name =~ "Digilent Basys3 210183740509A"} -index 0
rst -processor
targets -set -nocase -filter {name =~ "microblaze*#0" && bscan=="USER2"  && jtag_cable_name =~ "Digilent Basys3 210183740509A"} -index 0
dow E:/Downloads/Basys3-master/Basys3-master/Projects/GPIO/proj/ALS_2/ALS_2.sdk/PmodALS/Debug/PmodALS.elf
----------------End of Script----------------

10:52:46 INFO  : Memory regions updated for context MicroBlaze #0
10:52:46 INFO  : Memory regions updated for context MicroBlaze Debug Module at USER2
10:52:46 INFO  : Context for processor 'microblaze_0' is selected.
10:52:46 INFO  : 'con' command is executed.
10:52:46 INFO  : ----------------XSDB Script (After Launch)----------------
targets -set -nocase -filter {name =~ "microblaze*#0" && bscan=="USER2"  && jtag_cable_name =~ "Digilent Basys3 210183740509A"} -index 0
con
----------------End of Script----------------

10:52:46 INFO  : Launch script is exported to file 'E:\Downloads\Basys3-master\Basys3-master\Projects\GPIO\proj\ALS_2\ALS_2.sdk\.sdk\launch_scripts\xilinx_c-c++_application_(system_debugger)\system_debugger_using_debug_pmodals.elf_on_local.tcl'
15:59:31 INFO  : Disconnected from the channel tcfchan#4.
14:57:26 INFO  : Registering command handlers for SDK TCF services
14:57:27 INFO  : Launching XSCT server: xsct.bat -interactive E:\Downloads\Basys3-master\Basys3-master\Projects\GPIO\proj\ALS_2\ALS_2.sdk\temp_xsdb_launch_script.tcl
14:57:33 INFO  : XSCT server has started successfully.
14:57:33 INFO  : Successfully done setting XSCT server connection channel  
14:57:41 INFO  : Successfully done setting SDK workspace  
14:57:42 INFO  : Processing command line option -hwspec E:/Downloads/Basys3-master/Basys3-master/Projects/GPIO/proj/ALS_2/ALS_2.sdk/design_1_wrapper.hdf.
14:57:42 INFO  : Checking for hwspec changes in the project design_1_wrapper_hw_platform_0.
14:57:42 INFO  : SDK has detected change in the last modified timestamps for source hardware specification file Source:1494366912214,  Project:1493328644132
14:57:42 INFO  : The hardware specification for project 'design_1_wrapper_hw_platform_0' is different from E:/Downloads/Basys3-master/Basys3-master/Projects/GPIO/proj/ALS_2/ALS_2.sdk/design_1_wrapper.hdf.
14:57:42 INFO  : Copied contents of E:/Downloads/Basys3-master/Basys3-master/Projects/GPIO/proj/ALS_2/ALS_2.sdk/design_1_wrapper.hdf into \design_1_wrapper_hw_platform_0\system.hdf.
14:57:43 INFO  : Synchronizing projects in the workspace with the hardware platform specification changes.
14:57:44 ERROR : (XSDB Server)ERROR: [Hsi 55-1433] Error boost::filesystem::directory_iterator::construct: Accès refusé: "C:/Users/wilyr/AppData/Local/Temp\CJKDD4E.tmp.dir"

14:57:44 ERROR : Failed to call sync_sw_with_hw_change
Reason: ERROR: [Common 17-39] 'hsi::open_sw_design' failed due to earlier errors.

14:57:44 ERROR : Error updating BSP project MSS files.
14:57:45 INFO  : Updating hardware inferred compiler options for PmodALS.
14:57:46 INFO  : Updating hardware inferred compiler options for PmodLAS.
14:57:47 INFO  : Updating hardware inferred compiler options for Pmod.
14:57:47 INFO  : Clearing existing target manager status.
14:58:00 ERROR : (XSDB Server)ERROR: [Hsi 55-1558] Software Design system system is not found

14:58:00 ERROR :  [Common 17-39] 'hsi::current_sw_design' failed due to earlier errors.
14:58:00 ERROR : (XSDB Server)ERROR: [Hsi 55-1558] Software Design system system is not found

14:58:00 INFO  : Unable to read in MSS file E:\Downloads\Basys3-master\Basys3-master\Projects\GPIO\proj\ALS_2\ALS_2.sdk\PmodALS_bsp\system.mss : null
14:58:00 ERROR : (XSDB Server)ERROR: [Hsi 55-1558] Software Design system system is not found

14:58:00 ERROR : (XSDB Server)ERROR: [Hsi 55-1558] Software Design system system is not found

14:58:00 ERROR :  [Common 17-39] 'hsi::current_sw_design' failed due to earlier errors.
14:58:00 ERROR : (XSDB Server)ERROR: [Hsi 55-1558] Software Design system system is not found

14:58:00 INFO  : Unable to read in MSS file E:\Downloads\Basys3-master\Basys3-master\Projects\GPIO\proj\ALS_2\ALS_2.sdk\PmodALS_bsp\system.mss : null
14:58:00 ERROR : (XSDB Server)ERROR: [Hsi 55-1558] Software Design system system is not found

14:58:00 ERROR : (XSDB Server)R6025
- pure virtual function call

14:58:06 INFO  : Launching XSCT server: xsct.bat -interactive E:\Downloads\Basys3-master\Basys3-master\Projects\GPIO\proj\ALS_2\ALS_2.sdk\temp_xsdb_launch_script.tcl
14:58:08 INFO  : XSCT server has started successfully.
15:00:18 INFO  : Connected to target on host '127.0.0.1' and port '3121'.
15:00:27 INFO  : 'targets -set -filter {jtag_cable_name =~ "Digilent Basys3 210183740509A" && level==0} -index 0' command is executed.
15:00:29 INFO  : FPGA configured successfully with bitstream "E:/Downloads/Basys3-master/Basys3-master/Projects/GPIO/proj/ALS_2/ALS_2.sdk/design_1_wrapper_hw_platform_0/download.bit"
15:00:38 INFO  : 'targets -set -filter {jtag_cable_name =~ "Digilent Basys3 210183740509A" && level==0} -index 0' command is executed.
15:00:38 INFO  : 'fpga -state' command is executed.
15:00:38 INFO  : Connected to target on host '127.0.0.1' and port '3121'.
15:00:38 INFO  : Jtag cable 'Digilent Basys3 210183740509A' is selected.
15:00:38 INFO  : 'jtag frequency' command is executed.
15:00:39 INFO  : Context for processor 'microblaze_0' is selected.
15:00:39 INFO  : Hardware design information is loaded from 'E:/Downloads/Basys3-master/Basys3-master/Projects/GPIO/proj/ALS_2/ALS_2.sdk/design_1_wrapper_hw_platform_0/system.hdf'.
15:00:39 INFO  : Context for processor 'microblaze_0' is selected.
15:00:40 INFO  : Processor reset is completed for 'microblaze_0'.
15:00:40 INFO  : Context for processor 'microblaze_0' is selected.
15:00:41 INFO  : The application 'E:/Downloads/Basys3-master/Basys3-master/Projects/GPIO/proj/ALS_2/ALS_2.sdk/ALS_led/Debug/ALS_led.elf' is downloaded to processor 'microblaze_0'.
15:00:41 INFO  : ----------------XSDB Script----------------
connect -url tcp:127.0.0.1:3121
targets -set -nocase -filter {name =~ "microblaze*#0" && bscan=="USER2"  && jtag_cable_name =~ "Digilent Basys3 210183740509A"} -index 0
loadhw E:/Downloads/Basys3-master/Basys3-master/Projects/GPIO/proj/ALS_2/ALS_2.sdk/design_1_wrapper_hw_platform_0/system.hdf
targets -set -nocase -filter {name =~ "microblaze*#0" && bscan=="USER2"  && jtag_cable_name =~ "Digilent Basys3 210183740509A"} -index 0
rst -processor
targets -set -nocase -filter {name =~ "microblaze*#0" && bscan=="USER2"  && jtag_cable_name =~ "Digilent Basys3 210183740509A"} -index 0
dow E:/Downloads/Basys3-master/Basys3-master/Projects/GPIO/proj/ALS_2/ALS_2.sdk/ALS_led/Debug/ALS_led.elf
----------------End of Script----------------

15:00:42 INFO  : Memory regions updated for context MicroBlaze #0
15:00:42 INFO  : Memory regions updated for context MicroBlaze Debug Module at USER2
15:00:42 INFO  : Context for processor 'microblaze_0' is selected.
15:00:42 INFO  : 'con' command is executed.
15:00:42 INFO  : ----------------XSDB Script (After Launch)----------------
targets -set -nocase -filter {name =~ "microblaze*#0" && bscan=="USER2"  && jtag_cable_name =~ "Digilent Basys3 210183740509A"} -index 0
con
----------------End of Script----------------

15:00:42 INFO  : Launch script is exported to file 'E:\Downloads\Basys3-master\Basys3-master\Projects\GPIO\proj\ALS_2\ALS_2.sdk\.sdk\launch_scripts\xilinx_c-c++_application_(system_debugger)\system_debugger_using_debug_als_led.elf_on_local.tcl'
15:10:24 INFO  : Connected to target on host '127.0.0.1' and port '3121'.
15:10:24 INFO  : 'targets -set -filter {jtag_cable_name =~ "Digilent Basys3 210183740509A" && level==0} -index 0' command is executed.
15:10:26 INFO  : FPGA configured successfully with bitstream "E:/Downloads/Basys3-master/Basys3-master/Projects/GPIO/proj/ALS_2/ALS_2.sdk/design_1_wrapper_hw_platform_0/download.bit"
15:10:32 INFO  : Disconnected from the channel tcfchan#1.
15:10:33 INFO  : 'targets -set -filter {jtag_cable_name =~ "Digilent Basys3 210183740509A" && level==0} -index 0' command is executed.
15:10:33 INFO  : 'fpga -state' command is executed.
15:10:33 INFO  : Connected to target on host '127.0.0.1' and port '3121'.
15:10:34 INFO  : Jtag cable 'Digilent Basys3 210183740509A' is selected.
15:10:34 INFO  : 'jtag frequency' command is executed.
15:10:34 INFO  : Context for processor 'microblaze_0' is selected.
15:10:35 INFO  : Hardware design information is loaded from 'E:/Downloads/Basys3-master/Basys3-master/Projects/GPIO/proj/ALS_2/ALS_2.sdk/design_1_wrapper_hw_platform_0/system.hdf'.
15:10:35 INFO  : Context for processor 'microblaze_0' is selected.
15:10:35 INFO  : Processor reset is completed for 'microblaze_0'.
15:10:35 INFO  : Context for processor 'microblaze_0' is selected.
15:10:35 INFO  : The application 'E:/Downloads/Basys3-master/Basys3-master/Projects/GPIO/proj/ALS_2/ALS_2.sdk/ALS_led/Debug/ALS_led.elf' is downloaded to processor 'microblaze_0'.
15:10:35 INFO  : ----------------XSDB Script----------------
connect -url tcp:127.0.0.1:3121
targets -set -nocase -filter {name =~ "microblaze*#0" && bscan=="USER2"  && jtag_cable_name =~ "Digilent Basys3 210183740509A"} -index 0
loadhw E:/Downloads/Basys3-master/Basys3-master/Projects/GPIO/proj/ALS_2/ALS_2.sdk/design_1_wrapper_hw_platform_0/system.hdf
targets -set -nocase -filter {name =~ "microblaze*#0" && bscan=="USER2"  && jtag_cable_name =~ "Digilent Basys3 210183740509A"} -index 0
rst -processor
targets -set -nocase -filter {name =~ "microblaze*#0" && bscan=="USER2"  && jtag_cable_name =~ "Digilent Basys3 210183740509A"} -index 0
dow E:/Downloads/Basys3-master/Basys3-master/Projects/GPIO/proj/ALS_2/ALS_2.sdk/ALS_led/Debug/ALS_led.elf
----------------End of Script----------------

15:10:35 INFO  : Memory regions updated for context MicroBlaze #0
15:10:35 INFO  : Memory regions updated for context MicroBlaze Debug Module at USER2
15:10:35 INFO  : Context for processor 'microblaze_0' is selected.
15:10:36 INFO  : 'con' command is executed.
15:10:36 INFO  : ----------------XSDB Script (After Launch)----------------
targets -set -nocase -filter {name =~ "microblaze*#0" && bscan=="USER2"  && jtag_cable_name =~ "Digilent Basys3 210183740509A"} -index 0
con
----------------End of Script----------------

15:10:36 INFO  : Launch script is exported to file 'E:\Downloads\Basys3-master\Basys3-master\Projects\GPIO\proj\ALS_2\ALS_2.sdk\.sdk\launch_scripts\xilinx_c-c++_application_(system_debugger)\system_debugger_using_debug_als_led.elf_on_local.tcl'
15:13:39 INFO  : Connected to target on host '127.0.0.1' and port '3121'.
15:13:39 INFO  : 'targets -set -filter {jtag_cable_name =~ "Digilent Basys3 210183740509A" && level==0} -index 0' command is executed.
15:13:40 INFO  : FPGA configured successfully with bitstream "E:/Downloads/Basys3-master/Basys3-master/Projects/GPIO/proj/ALS_2/ALS_2.sdk/design_1_wrapper_hw_platform_0/download.bit"
15:13:49 INFO  : Disconnected from the channel tcfchan#2.
15:13:51 INFO  : 'targets -set -filter {jtag_cable_name =~ "Digilent Basys3 210183740509A" && level==0} -index 0' command is executed.
15:13:51 INFO  : 'fpga -state' command is executed.
15:13:51 INFO  : Connected to target on host '127.0.0.1' and port '3121'.
15:13:51 INFO  : Jtag cable 'Digilent Basys3 210183740509A' is selected.
15:13:51 INFO  : 'jtag frequency' command is executed.
15:13:51 INFO  : Context for processor 'microblaze_0' is selected.
15:13:51 INFO  : Hardware design information is loaded from 'E:/Downloads/Basys3-master/Basys3-master/Projects/GPIO/proj/ALS_2/ALS_2.sdk/design_1_wrapper_hw_platform_0/system.hdf'.
15:13:51 INFO  : Context for processor 'microblaze_0' is selected.
15:13:52 INFO  : Processor reset is completed for 'microblaze_0'.
15:13:52 INFO  : Context for processor 'microblaze_0' is selected.
15:13:52 INFO  : The application 'E:/Downloads/Basys3-master/Basys3-master/Projects/GPIO/proj/ALS_2/ALS_2.sdk/ALS_led/Debug/ALS_led.elf' is downloaded to processor 'microblaze_0'.
15:13:52 INFO  : ----------------XSDB Script----------------
connect -url tcp:127.0.0.1:3121
targets -set -nocase -filter {name =~ "microblaze*#0" && bscan=="USER2"  && jtag_cable_name =~ "Digilent Basys3 210183740509A"} -index 0
loadhw E:/Downloads/Basys3-master/Basys3-master/Projects/GPIO/proj/ALS_2/ALS_2.sdk/design_1_wrapper_hw_platform_0/system.hdf
targets -set -nocase -filter {name =~ "microblaze*#0" && bscan=="USER2"  && jtag_cable_name =~ "Digilent Basys3 210183740509A"} -index 0
rst -processor
targets -set -nocase -filter {name =~ "microblaze*#0" && bscan=="USER2"  && jtag_cable_name =~ "Digilent Basys3 210183740509A"} -index 0
dow E:/Downloads/Basys3-master/Basys3-master/Projects/GPIO/proj/ALS_2/ALS_2.sdk/ALS_led/Debug/ALS_led.elf
----------------End of Script----------------

15:13:52 INFO  : Memory regions updated for context MicroBlaze #0
15:13:52 INFO  : Memory regions updated for context MicroBlaze Debug Module at USER2
15:13:52 INFO  : Context for processor 'microblaze_0' is selected.
15:13:53 INFO  : 'con' command is executed.
15:13:53 INFO  : ----------------XSDB Script (After Launch)----------------
targets -set -nocase -filter {name =~ "microblaze*#0" && bscan=="USER2"  && jtag_cable_name =~ "Digilent Basys3 210183740509A"} -index 0
con
----------------End of Script----------------

15:13:53 INFO  : Launch script is exported to file 'E:\Downloads\Basys3-master\Basys3-master\Projects\GPIO\proj\ALS_2\ALS_2.sdk\.sdk\launch_scripts\xilinx_c-c++_application_(system_debugger)\system_debugger_using_debug_als_led.elf_on_local.tcl'
