
*** Running vivado
    with args -log design_1_dlmb_bram_if_cntlr_0.vds -m64 -product Vivado -mode batch -messageDb vivado.pb -notrace -source design_1_dlmb_bram_if_cntlr_0.tcl


****** Vivado v2016.4 (64-bit)
  **** SW Build 1756540 on Mon Jan 23 19:11:23 MST 2017
  **** IP Build 1755317 on Mon Jan 23 20:30:07 MST 2017
    ** Copyright 1986-2016 Xilinx, Inc. All Rights Reserved.

source design_1_dlmb_bram_if_cntlr_0.tcl -notrace
Starting RTL Elaboration : Time (s): cpu = 00:00:07 ; elapsed = 00:00:12 . Memory (MB): peak = 316.492 ; gain = 106.660
INFO: [Synth 8-638] synthesizing module 'design_1_dlmb_bram_if_cntlr_0' [e:/Downloads/Basys3-master/Basys3-master/Projects/GPIO/proj/ALS_2/ALS_2.srcs/sources_1/bd/design_1/ip/design_1_dlmb_bram_if_cntlr_0/synth/design_1_dlmb_bram_if_cntlr_0.vhd:84]
INFO: [Synth 8-638] synthesizing module 'lmb_bram_if_cntlr' [e:/Downloads/Basys3-master/Basys3-master/Projects/GPIO/proj/ALS_2/ALS_2.srcs/sources_1/bd/design_1/ipshared/f4d9/hdl/lmb_bram_if_cntlr_v4_0_vh_rfs.vhd:3106]
INFO: [Synth 8-638] synthesizing module 'lmb_mux' [e:/Downloads/Basys3-master/Basys3-master/Projects/GPIO/proj/ALS_2/ALS_2.srcs/sources_1/bd/design_1/ipshared/f4d9/hdl/lmb_bram_if_cntlr_v4_0_vh_rfs.vhd:2601]
INFO: [Synth 8-638] synthesizing module 'pselect_mask' [e:/Downloads/Basys3-master/Basys3-master/Projects/GPIO/proj/ALS_2/ALS_2.srcs/sources_1/bd/design_1/ipshared/f4d9/hdl/lmb_bram_if_cntlr_v4_0_vh_rfs.vhd:2121]
INFO: [Synth 8-256] done synthesizing module 'pselect_mask' (1#1) [e:/Downloads/Basys3-master/Basys3-master/Projects/GPIO/proj/ALS_2/ALS_2.srcs/sources_1/bd/design_1/ipshared/f4d9/hdl/lmb_bram_if_cntlr_v4_0_vh_rfs.vhd:2121]
INFO: [Synth 8-256] done synthesizing module 'lmb_mux' (2#1) [e:/Downloads/Basys3-master/Basys3-master/Projects/GPIO/proj/ALS_2/ALS_2.srcs/sources_1/bd/design_1/ipshared/f4d9/hdl/lmb_bram_if_cntlr_v4_0_vh_rfs.vhd:2601]
INFO: [Synth 8-256] done synthesizing module 'lmb_bram_if_cntlr' (3#1) [e:/Downloads/Basys3-master/Basys3-master/Projects/GPIO/proj/ALS_2/ALS_2.srcs/sources_1/bd/design_1/ipshared/f4d9/hdl/lmb_bram_if_cntlr_v4_0_vh_rfs.vhd:3106]
INFO: [Synth 8-256] done synthesizing module 'design_1_dlmb_bram_if_cntlr_0' (4#1) [e:/Downloads/Basys3-master/Basys3-master/Projects/GPIO/proj/ALS_2/ALS_2.srcs/sources_1/bd/design_1/ip/design_1_dlmb_bram_if_cntlr_0/synth/design_1_dlmb_bram_if_cntlr_0.vhd:84]
Finished RTL Elaboration : Time (s): cpu = 00:00:08 ; elapsed = 00:00:14 . Memory (MB): peak = 355.785 ; gain = 145.953
Finished RTL Optimization Phase 1 : Time (s): cpu = 00:00:08 ; elapsed = 00:00:14 . Memory (MB): peak = 355.785 ; gain = 145.953
INFO: [Device 21-403] Loading part xc7a35tcpg236-1
Constraint Validation Runtime : Time (s): cpu = 00:00:00 ; elapsed = 00:00:00.026 . Memory (MB): peak = 598.543 ; gain = 0.000
Finished Constraint Validation : Time (s): cpu = 00:00:17 ; elapsed = 00:00:24 . Memory (MB): peak = 598.543 ; gain = 388.711
Finished Loading Part and Timing Information : Time (s): cpu = 00:00:17 ; elapsed = 00:00:24 . Memory (MB): peak = 598.543 ; gain = 388.711
Finished applying 'set_property' XDC Constraints : Time (s): cpu = 00:00:17 ; elapsed = 00:00:24 . Memory (MB): peak = 598.543 ; gain = 388.711
Finished RTL Optimization Phase 2 : Time (s): cpu = 00:00:18 ; elapsed = 00:00:24 . Memory (MB): peak = 598.543 ; gain = 388.711
Finished Cross Boundary and Area Optimization : Time (s): cpu = 00:00:18 ; elapsed = 00:00:24 . Memory (MB): peak = 598.543 ; gain = 388.711
Finished Applying XDC Timing Constraints : Time (s): cpu = 00:00:29 ; elapsed = 00:00:35 . Memory (MB): peak = 600.660 ; gain = 390.828
Finished Timing Optimization : Time (s): cpu = 00:00:29 ; elapsed = 00:00:35 . Memory (MB): peak = 600.660 ; gain = 390.828
Finished Technology Mapping : Time (s): cpu = 00:00:29 ; elapsed = 00:00:35 . Memory (MB): peak = 620.969 ; gain = 411.137
Finished IO Insertion : Time (s): cpu = 00:00:29 ; elapsed = 00:00:36 . Memory (MB): peak = 620.969 ; gain = 411.137
Finished Renaming Generated Instances : Time (s): cpu = 00:00:29 ; elapsed = 00:00:36 . Memory (MB): peak = 620.969 ; gain = 411.137
Finished Rebuilding User Hierarchy : Time (s): cpu = 00:00:29 ; elapsed = 00:00:36 . Memory (MB): peak = 620.969 ; gain = 411.137
Finished Renaming Generated Ports : Time (s): cpu = 00:00:29 ; elapsed = 00:00:36 . Memory (MB): peak = 620.969 ; gain = 411.137
Finished Handling Custom Attributes : Time (s): cpu = 00:00:30 ; elapsed = 00:00:36 . Memory (MB): peak = 620.969 ; gain = 411.137
Finished Renaming Generated Nets : Time (s): cpu = 00:00:30 ; elapsed = 00:00:36 . Memory (MB): peak = 620.969 ; gain = 411.137

Report Cell Usage: 
+------+-----+------+
|      |Cell |Count |
+------+-----+------+
|1     |LUT2 |     2|
|2     |LUT3 |     1|
|3     |LUT4 |     4|
|4     |FDRE |     2|
+------+-----+------+
Finished Writing Synthesis Report : Time (s): cpu = 00:00:30 ; elapsed = 00:00:36 . Memory (MB): peak = 620.969 ; gain = 411.137
synth_design: Time (s): cpu = 00:00:27 ; elapsed = 00:00:30 . Memory (MB): peak = 635.793 ; gain = 397.973
