
*** Running vivado
    with args -log design_1_clk_wiz_0_0.vds -m64 -product Vivado -mode batch -messageDb vivado.pb -notrace -source design_1_clk_wiz_0_0.tcl


****** Vivado v2016.4 (64-bit)
  **** SW Build 1756540 on Mon Jan 23 19:11:23 MST 2017
  **** IP Build 1755317 on Mon Jan 23 20:30:07 MST 2017
    ** Copyright 1986-2016 Xilinx, Inc. All Rights Reserved.

source design_1_clk_wiz_0_0.tcl -notrace
Starting RTL Elaboration : Time (s): cpu = 00:00:08 ; elapsed = 00:00:12 . Memory (MB): peak = 317.410 ; gain = 107.160
INFO: [Synth 8-638] synthesizing module 'design_1_clk_wiz_0_0' [e:/Downloads/Basys3-master/Basys3-master/Projects/GPIO/proj/ALS_2/ALS_2.srcs/sources_1/bd/design_1/ip/design_1_clk_wiz_0_0/design_1_clk_wiz_0_0.v:72]
INFO: [Synth 8-638] synthesizing module 'design_1_clk_wiz_0_0_clk_wiz' [e:/Downloads/Basys3-master/Basys3-master/Projects/GPIO/proj/ALS_2/ALS_2.srcs/sources_1/bd/design_1/ip/design_1_clk_wiz_0_0/design_1_clk_wiz_0_0_clk_wiz.v:70]
INFO: [Synth 8-638] synthesizing module 'IBUF' [E:/CSUSM/Xlink/Vivado/2016.4/scripts/rt/data/unisim_comp.v:14146]
INFO: [Synth 8-256] done synthesizing module 'IBUF' (1#1) [E:/CSUSM/Xlink/Vivado/2016.4/scripts/rt/data/unisim_comp.v:14146]
INFO: [Synth 8-638] synthesizing module 'MMCME2_ADV' [E:/CSUSM/Xlink/Vivado/2016.4/scripts/rt/data/unisim_comp.v:20414]
INFO: [Synth 8-256] done synthesizing module 'MMCME2_ADV' (2#1) [E:/CSUSM/Xlink/Vivado/2016.4/scripts/rt/data/unisim_comp.v:20414]
INFO: [Synth 8-638] synthesizing module 'BUFG' [E:/CSUSM/Xlink/Vivado/2016.4/scripts/rt/data/unisim_comp.v:607]
INFO: [Synth 8-256] done synthesizing module 'BUFG' (3#1) [E:/CSUSM/Xlink/Vivado/2016.4/scripts/rt/data/unisim_comp.v:607]
INFO: [Synth 8-256] done synthesizing module 'design_1_clk_wiz_0_0_clk_wiz' (4#1) [e:/Downloads/Basys3-master/Basys3-master/Projects/GPIO/proj/ALS_2/ALS_2.srcs/sources_1/bd/design_1/ip/design_1_clk_wiz_0_0/design_1_clk_wiz_0_0_clk_wiz.v:70]
INFO: [Synth 8-256] done synthesizing module 'design_1_clk_wiz_0_0' (5#1) [e:/Downloads/Basys3-master/Basys3-master/Projects/GPIO/proj/ALS_2/ALS_2.srcs/sources_1/bd/design_1/ip/design_1_clk_wiz_0_0/design_1_clk_wiz_0_0.v:72]
Finished RTL Elaboration : Time (s): cpu = 00:00:09 ; elapsed = 00:00:13 . Memory (MB): peak = 354.746 ; gain = 144.496
Finished RTL Optimization Phase 1 : Time (s): cpu = 00:00:09 ; elapsed = 00:00:13 . Memory (MB): peak = 354.746 ; gain = 144.496
INFO: [Device 21-403] Loading part xc7a35tcpg236-1
Constraint Validation Runtime : Time (s): cpu = 00:00:00 ; elapsed = 00:00:00.022 . Memory (MB): peak = 562.473 ; gain = 0.000
Finished Constraint Validation : Time (s): cpu = 00:00:19 ; elapsed = 00:00:24 . Memory (MB): peak = 562.473 ; gain = 352.223
Finished Loading Part and Timing Information : Time (s): cpu = 00:00:19 ; elapsed = 00:00:24 . Memory (MB): peak = 562.473 ; gain = 352.223
Finished applying 'set_property' XDC Constraints : Time (s): cpu = 00:00:19 ; elapsed = 00:00:24 . Memory (MB): peak = 562.473 ; gain = 352.223
Finished RTL Optimization Phase 2 : Time (s): cpu = 00:00:19 ; elapsed = 00:00:24 . Memory (MB): peak = 562.473 ; gain = 352.223
Finished Cross Boundary and Area Optimization : Time (s): cpu = 00:00:19 ; elapsed = 00:00:25 . Memory (MB): peak = 562.473 ; gain = 352.223
Finished Applying XDC Timing Constraints : Time (s): cpu = 00:00:32 ; elapsed = 00:00:37 . Memory (MB): peak = 579.363 ; gain = 369.113
Finished Timing Optimization : Time (s): cpu = 00:00:32 ; elapsed = 00:00:37 . Memory (MB): peak = 579.363 ; gain = 369.113
Finished Technology Mapping : Time (s): cpu = 00:00:32 ; elapsed = 00:00:37 . Memory (MB): peak = 588.906 ; gain = 378.656
Finished IO Insertion : Time (s): cpu = 00:00:32 ; elapsed = 00:00:38 . Memory (MB): peak = 588.906 ; gain = 378.656
Finished Renaming Generated Instances : Time (s): cpu = 00:00:32 ; elapsed = 00:00:38 . Memory (MB): peak = 588.906 ; gain = 378.656
Finished Rebuilding User Hierarchy : Time (s): cpu = 00:00:32 ; elapsed = 00:00:38 . Memory (MB): peak = 588.906 ; gain = 378.656
Finished Renaming Generated Ports : Time (s): cpu = 00:00:32 ; elapsed = 00:00:38 . Memory (MB): peak = 588.906 ; gain = 378.656
Finished Handling Custom Attributes : Time (s): cpu = 00:00:32 ; elapsed = 00:00:38 . Memory (MB): peak = 588.906 ; gain = 378.656
Finished Renaming Generated Nets : Time (s): cpu = 00:00:32 ; elapsed = 00:00:38 . Memory (MB): peak = 588.906 ; gain = 378.656

Report Cell Usage: 
+------+-----------+------+
|      |Cell       |Count |
+------+-----------+------+
|1     |BUFG       |     4|
|2     |MMCME2_ADV |     1|
|3     |IBUF       |     1|
+------+-----------+------+
Finished Writing Synthesis Report : Time (s): cpu = 00:00:32 ; elapsed = 00:00:38 . Memory (MB): peak = 588.906 ; gain = 378.656
synth_design: Time (s): cpu = 00:00:33 ; elapsed = 00:00:35 . Memory (MB): peak = 966.680 ; gain = 729.449
