
*** Running vivado
    with args -log design_1_wrapper.vdi -applog -m64 -product Vivado -messageDb vivado.pb -mode batch -source design_1_wrapper.tcl -notrace


****** Vivado v2016.4 (64-bit)
  **** SW Build 1756540 on Mon Jan 23 19:11:23 MST 2017
  **** IP Build 1755317 on Mon Jan 23 20:30:07 MST 2017
    ** Copyright 1986-2016 Xilinx, Inc. All Rights Reserved.

source design_1_wrapper.tcl -notrace
Design is defaulting to srcset: sources_1
Design is defaulting to constrset: constrs_1
INFO: [Project 1-454] Reading design checkpoint 'e:/Downloads/Basys3-master/Basys3-master/Projects/GPIO/proj/ALS_2/ALS_2.srcs/sources_1/bd/design_1/ip/design_1_PmodALS_0_0/design_1_PmodALS_0_0.dcp' for cell 'design_1_i/PmodALS_0'
INFO: [Project 1-454] Reading design checkpoint 'e:/Downloads/Basys3-master/Basys3-master/Projects/GPIO/proj/ALS_2/ALS_2.srcs/sources_1/bd/design_1/ip/design_1_axi_gpio_0_0/design_1_axi_gpio_0_0.dcp' for cell 'design_1_i/axi_gpio_0'
INFO: [Project 1-454] Reading design checkpoint 'e:/Downloads/Basys3-master/Basys3-master/Projects/GPIO/proj/ALS_2/ALS_2.srcs/sources_1/bd/design_1/ip/design_1_axi_uartlite_0_0/design_1_axi_uartlite_0_0.dcp' for cell 'design_1_i/axi_uartlite_0'
INFO: [Project 1-454] Reading design checkpoint 'E:/Downloads/Basys3-master/Basys3-master/Projects/GPIO/proj/ALS_2/ALS_2.srcs/sources_1/bd/design_1/ip/design_1_clk_wiz_0_0/design_1_clk_wiz_0_0.dcp' for cell 'design_1_i/clk_wiz_0'
INFO: [Project 1-454] Reading design checkpoint 'e:/Downloads/Basys3-master/Basys3-master/Projects/GPIO/proj/ALS_2/ALS_2.srcs/sources_1/bd/design_1/ip/design_1_mdm_1_0/design_1_mdm_1_0.dcp' for cell 'design_1_i/mdm_1'
INFO: [Project 1-454] Reading design checkpoint 'e:/Downloads/Basys3-master/Basys3-master/Projects/GPIO/proj/ALS_2/ALS_2.srcs/sources_1/bd/design_1/ip/design_1_microblaze_0_0/design_1_microblaze_0_0.dcp' for cell 'design_1_i/microblaze_0'
INFO: [Project 1-454] Reading design checkpoint 'e:/Downloads/Basys3-master/Basys3-master/Projects/GPIO/proj/ALS_2/ALS_2.srcs/sources_1/bd/design_1/ip/design_1_rst_clk_wiz_0_100M_0/design_1_rst_clk_wiz_0_100M_0.dcp' for cell 'design_1_i/rst_clk_wiz_0_100M'
INFO: [Project 1-454] Reading design checkpoint 'E:/Downloads/Basys3-master/Basys3-master/Projects/GPIO/proj/ALS_2/ALS_2.srcs/sources_1/bd/design_1/ip/design_1_xbar_0/design_1_xbar_0.dcp' for cell 'design_1_i/microblaze_0_axi_periph/xbar'
INFO: [Project 1-454] Reading design checkpoint 'E:/Downloads/Basys3-master/Basys3-master/Projects/GPIO/proj/ALS_2/ALS_2.srcs/sources_1/bd/design_1/ip/design_1_dlmb_bram_if_cntlr_0/design_1_dlmb_bram_if_cntlr_0.dcp' for cell 'design_1_i/microblaze_0_local_memory/dlmb_bram_if_cntlr'
INFO: [Project 1-454] Reading design checkpoint 'e:/Downloads/Basys3-master/Basys3-master/Projects/GPIO/proj/ALS_2/ALS_2.srcs/sources_1/bd/design_1/ip/design_1_dlmb_v10_0/design_1_dlmb_v10_0.dcp' for cell 'design_1_i/microblaze_0_local_memory/dlmb_v10'
INFO: [Project 1-454] Reading design checkpoint 'e:/Downloads/Basys3-master/Basys3-master/Projects/GPIO/proj/ALS_2/ALS_2.srcs/sources_1/bd/design_1/ip/design_1_ilmb_bram_if_cntlr_0/design_1_ilmb_bram_if_cntlr_0.dcp' for cell 'design_1_i/microblaze_0_local_memory/ilmb_bram_if_cntlr'
INFO: [Project 1-454] Reading design checkpoint 'e:/Downloads/Basys3-master/Basys3-master/Projects/GPIO/proj/ALS_2/ALS_2.srcs/sources_1/bd/design_1/ip/design_1_ilmb_v10_0/design_1_ilmb_v10_0.dcp' for cell 'design_1_i/microblaze_0_local_memory/ilmb_v10'
INFO: [Project 1-454] Reading design checkpoint 'e:/Downloads/Basys3-master/Basys3-master/Projects/GPIO/proj/ALS_2/ALS_2.srcs/sources_1/bd/design_1/ip/design_1_lmb_bram_0/design_1_lmb_bram_0.dcp' for cell 'design_1_i/microblaze_0_local_memory/lmb_bram'
INFO: [Netlist 29-17] Analyzing 165 Unisim elements for replacement
INFO: [Netlist 29-28] Unisim Transformation completed in 1 CPU seconds
INFO: [Project 1-479] Netlist was created with Vivado 2016.4
INFO: [Device 21-403] Loading part xc7a35tcpg236-1
INFO: [Project 1-570] Preparing netlist for logic optimization
WARNING: [Constraints 18-550] Could not create 'IOSTANDARD' constraint because net 'design_1_i/PmodALS_0/Pmod_out_pin1_t' is not directly connected to top level port. 'IOSTANDARD' is ignored by Vivado but preserved for implementation tool. [E:/Downloads/Basys3-master/Basys3-master/Projects/GPIO/proj/ALS_2/ALS_2.runs/impl_1/.Xil/Vivado-14716-DESKTOP-J55D3FQ/dcp_4/design_1_PmodALS_0_0.edf:34525]
WARNING: [Constraints 18-550] Could not create 'IOSTANDARD' constraint because net 'design_1_i/PmodALS_0/Pmod_out_pin2_t' is not directly connected to top level port. 'IOSTANDARD' is ignored by Vivado but preserved for implementation tool. [E:/Downloads/Basys3-master/Basys3-master/Projects/GPIO/proj/ALS_2/ALS_2.runs/impl_1/.Xil/Vivado-14716-DESKTOP-J55D3FQ/dcp_4/design_1_PmodALS_0_0.edf:34542]
WARNING: [Constraints 18-550] Could not create 'IOSTANDARD' constraint because net 'design_1_i/PmodALS_0/Pmod_out_pin3_t' is not directly connected to top level port. 'IOSTANDARD' is ignored by Vivado but preserved for implementation tool. [E:/Downloads/Basys3-master/Basys3-master/Projects/GPIO/proj/ALS_2/ALS_2.runs/impl_1/.Xil/Vivado-14716-DESKTOP-J55D3FQ/dcp_4/design_1_PmodALS_0_0.edf:34559]
WARNING: [Constraints 18-550] Could not create 'IOSTANDARD' constraint because net 'design_1_i/PmodALS_0/Pmod_out_pin4_t' is not directly connected to top level port. 'IOSTANDARD' is ignored by Vivado but preserved for implementation tool. [E:/Downloads/Basys3-master/Basys3-master/Projects/GPIO/proj/ALS_2/ALS_2.runs/impl_1/.Xil/Vivado-14716-DESKTOP-J55D3FQ/dcp_4/design_1_PmodALS_0_0.edf:34576]
WARNING: [Constraints 18-550] Could not create 'IOSTANDARD' constraint because net 'design_1_i/axi_gpio_0/gpio_io_t[0]' is not directly connected to top level port. 'IOSTANDARD' is ignored by Vivado but preserved for implementation tool. [E:/Downloads/Basys3-master/Basys3-master/Projects/GPIO/proj/ALS_2/ALS_2.runs/impl_1/.Xil/Vivado-14716-DESKTOP-J55D3FQ/dcp_14/design_1_axi_gpio_0_0.edf:8113]
WARNING: [Constraints 18-550] Could not create 'IOSTANDARD' constraint because net 'design_1_i/axi_gpio_0/gpio_io_t[10]' is not directly connected to top level port. 'IOSTANDARD' is ignored by Vivado but preserved for implementation tool. [E:/Downloads/Basys3-master/Basys3-master/Projects/GPIO/proj/ALS_2/ALS_2.runs/impl_1/.Xil/Vivado-14716-DESKTOP-J55D3FQ/dcp_14/design_1_axi_gpio_0_0.edf:8183]
WARNING: [Constraints 18-550] Could not create 'IOSTANDARD' constraint because net 'design_1_i/axi_gpio_0/gpio_io_t[11]' is not directly connected to top level port. 'IOSTANDARD' is ignored by Vivado but preserved for implementation tool. [E:/Downloads/Basys3-master/Basys3-master/Projects/GPIO/proj/ALS_2/ALS_2.runs/impl_1/.Xil/Vivado-14716-DESKTOP-J55D3FQ/dcp_14/design_1_axi_gpio_0_0.edf:8190]
WARNING: [Constraints 18-550] Could not create 'IOSTANDARD' constraint because net 'design_1_i/axi_gpio_0/gpio_io_t[12]' is not directly connected to top level port. 'IOSTANDARD' is ignored by Vivado but preserved for implementation tool. [E:/Downloads/Basys3-master/Basys3-master/Projects/GPIO/proj/ALS_2/ALS_2.runs/impl_1/.Xil/Vivado-14716-DESKTOP-J55D3FQ/dcp_14/design_1_axi_gpio_0_0.edf:8197]
WARNING: [Constraints 18-550] Could not create 'IOSTANDARD' constraint because net 'design_1_i/axi_gpio_0/gpio_io_t[13]' is not directly connected to top level port. 'IOSTANDARD' is ignored by Vivado but preserved for implementation tool. [E:/Downloads/Basys3-master/Basys3-master/Projects/GPIO/proj/ALS_2/ALS_2.runs/impl_1/.Xil/Vivado-14716-DESKTOP-J55D3FQ/dcp_14/design_1_axi_gpio_0_0.edf:8204]
WARNING: [Constraints 18-550] Could not create 'IOSTANDARD' constraint because net 'design_1_i/axi_gpio_0/gpio_io_t[14]' is not directly connected to top level port. 'IOSTANDARD' is ignored by Vivado but preserved for implementation tool. [E:/Downloads/Basys3-master/Basys3-master/Projects/GPIO/proj/ALS_2/ALS_2.runs/impl_1/.Xil/Vivado-14716-DESKTOP-J55D3FQ/dcp_14/design_1_axi_gpio_0_0.edf:8211]
WARNING: [Constraints 18-550] Could not create 'IOSTANDARD' constraint because net 'design_1_i/axi_gpio_0/gpio_io_t[15]' is not directly connected to top level port. 'IOSTANDARD' is ignored by Vivado but preserved for implementation tool. [E:/Downloads/Basys3-master/Basys3-master/Projects/GPIO/proj/ALS_2/ALS_2.runs/impl_1/.Xil/Vivado-14716-DESKTOP-J55D3FQ/dcp_14/design_1_axi_gpio_0_0.edf:8218]
WARNING: [Constraints 18-550] Could not create 'IOSTANDARD' constraint because net 'design_1_i/axi_gpio_0/gpio_io_t[1]' is not directly connected to top level port. 'IOSTANDARD' is ignored by Vivado but preserved for implementation tool. [E:/Downloads/Basys3-master/Basys3-master/Projects/GPIO/proj/ALS_2/ALS_2.runs/impl_1/.Xil/Vivado-14716-DESKTOP-J55D3FQ/dcp_14/design_1_axi_gpio_0_0.edf:8120]
WARNING: [Constraints 18-550] Could not create 'IOSTANDARD' constraint because net 'design_1_i/axi_gpio_0/gpio_io_t[2]' is not directly connected to top level port. 'IOSTANDARD' is ignored by Vivado but preserved for implementation tool. [E:/Downloads/Basys3-master/Basys3-master/Projects/GPIO/proj/ALS_2/ALS_2.runs/impl_1/.Xil/Vivado-14716-DESKTOP-J55D3FQ/dcp_14/design_1_axi_gpio_0_0.edf:8127]
WARNING: [Constraints 18-550] Could not create 'IOSTANDARD' constraint because net 'design_1_i/axi_gpio_0/gpio_io_t[3]' is not directly connected to top level port. 'IOSTANDARD' is ignored by Vivado but preserved for implementation tool. [E:/Downloads/Basys3-master/Basys3-master/Projects/GPIO/proj/ALS_2/ALS_2.runs/impl_1/.Xil/Vivado-14716-DESKTOP-J55D3FQ/dcp_14/design_1_axi_gpio_0_0.edf:8134]
WARNING: [Constraints 18-550] Could not create 'IOSTANDARD' constraint because net 'design_1_i/axi_gpio_0/gpio_io_t[4]' is not directly connected to top level port. 'IOSTANDARD' is ignored by Vivado but preserved for implementation tool. [E:/Downloads/Basys3-master/Basys3-master/Projects/GPIO/proj/ALS_2/ALS_2.runs/impl_1/.Xil/Vivado-14716-DESKTOP-J55D3FQ/dcp_14/design_1_axi_gpio_0_0.edf:8141]
WARNING: [Constraints 18-550] Could not create 'IOSTANDARD' constraint because net 'design_1_i/axi_gpio_0/gpio_io_t[5]' is not directly connected to top level port. 'IOSTANDARD' is ignored by Vivado but preserved for implementation tool. [E:/Downloads/Basys3-master/Basys3-master/Projects/GPIO/proj/ALS_2/ALS_2.runs/impl_1/.Xil/Vivado-14716-DESKTOP-J55D3FQ/dcp_14/design_1_axi_gpio_0_0.edf:8148]
WARNING: [Constraints 18-550] Could not create 'IOSTANDARD' constraint because net 'design_1_i/axi_gpio_0/gpio_io_t[6]' is not directly connected to top level port. 'IOSTANDARD' is ignored by Vivado but preserved for implementation tool. [E:/Downloads/Basys3-master/Basys3-master/Projects/GPIO/proj/ALS_2/ALS_2.runs/impl_1/.Xil/Vivado-14716-DESKTOP-J55D3FQ/dcp_14/design_1_axi_gpio_0_0.edf:8155]
WARNING: [Constraints 18-550] Could not create 'IOSTANDARD' constraint because net 'design_1_i/axi_gpio_0/gpio_io_t[7]' is not directly connected to top level port. 'IOSTANDARD' is ignored by Vivado but preserved for implementation tool. [E:/Downloads/Basys3-master/Basys3-master/Projects/GPIO/proj/ALS_2/ALS_2.runs/impl_1/.Xil/Vivado-14716-DESKTOP-J55D3FQ/dcp_14/design_1_axi_gpio_0_0.edf:8162]
WARNING: [Constraints 18-550] Could not create 'IOSTANDARD' constraint because net 'design_1_i/axi_gpio_0/gpio_io_t[8]' is not directly connected to top level port. 'IOSTANDARD' is ignored by Vivado but preserved for implementation tool. [E:/Downloads/Basys3-master/Basys3-master/Projects/GPIO/proj/ALS_2/ALS_2.runs/impl_1/.Xil/Vivado-14716-DESKTOP-J55D3FQ/dcp_14/design_1_axi_gpio_0_0.edf:8169]
WARNING: [Constraints 18-550] Could not create 'IOSTANDARD' constraint because net 'design_1_i/axi_gpio_0/gpio_io_t[9]' is not directly connected to top level port. 'IOSTANDARD' is ignored by Vivado but preserved for implementation tool. [E:/Downloads/Basys3-master/Basys3-master/Projects/GPIO/proj/ALS_2/ALS_2.runs/impl_1/.Xil/Vivado-14716-DESKTOP-J55D3FQ/dcp_14/design_1_axi_gpio_0_0.edf:8176]
WARNING: [Constraints 18-550] Could not create 'IOSTANDARD' constraint because net 'design_1_i/axi_uartlite_0/rx' is not directly connected to top level port. 'IOSTANDARD' is ignored by Vivado but preserved for implementation tool. [E:/Downloads/Basys3-master/Basys3-master/Projects/GPIO/proj/ALS_2/ALS_2.runs/impl_1/.Xil/Vivado-14716-DESKTOP-J55D3FQ/dcp_3/design_1_axi_uartlite_0_0.edf:7818]
WARNING: [Constraints 18-550] Could not create 'IOSTANDARD' constraint because net 'design_1_i/axi_uartlite_0/tx' is not directly connected to top level port. 'IOSTANDARD' is ignored by Vivado but preserved for implementation tool. [E:/Downloads/Basys3-master/Basys3-master/Projects/GPIO/proj/ALS_2/ALS_2.runs/impl_1/.Xil/Vivado-14716-DESKTOP-J55D3FQ/dcp_3/design_1_axi_uartlite_0_0.edf:7885]
WARNING: [Constraints 18-550] Could not create 'IOSTANDARD' constraint because net 'design_1_i/clk_wiz_0/reset' is not directly connected to top level port. 'IOSTANDARD' is ignored by Vivado but preserved for implementation tool. [E:/Downloads/Basys3-master/Basys3-master/Projects/GPIO/proj/ALS_2/ALS_2.runs/impl_1/.Xil/Vivado-14716-DESKTOP-J55D3FQ/dcp_2/design_1_clk_wiz_0_0.edf:365]
WARNING: [Constraints 18-550] Could not create 'IOSTANDARD' constraint because net 'design_1_i/rst_clk_wiz_0_100M/ext_reset_in' is not directly connected to top level port. 'IOSTANDARD' is ignored by Vivado but preserved for implementation tool. [E:/Downloads/Basys3-master/Basys3-master/Projects/GPIO/proj/ALS_2/ALS_2.runs/impl_1/.Xil/Vivado-14716-DESKTOP-J55D3FQ/dcp_12/design_1_rst_clk_wiz_0_100M_0.edf:1546]
Parsing XDC File [e:/Downloads/Basys3-master/Basys3-master/Projects/GPIO/proj/ALS_2/ALS_2.srcs/sources_1/bd/design_1/ip/design_1_clk_wiz_0_0/design_1_clk_wiz_0_0_board.xdc] for cell 'design_1_i/clk_wiz_0/inst'
Finished Parsing XDC File [e:/Downloads/Basys3-master/Basys3-master/Projects/GPIO/proj/ALS_2/ALS_2.srcs/sources_1/bd/design_1/ip/design_1_clk_wiz_0_0/design_1_clk_wiz_0_0_board.xdc] for cell 'design_1_i/clk_wiz_0/inst'
Parsing XDC File [e:/Downloads/Basys3-master/Basys3-master/Projects/GPIO/proj/ALS_2/ALS_2.srcs/sources_1/bd/design_1/ip/design_1_clk_wiz_0_0/design_1_clk_wiz_0_0.xdc] for cell 'design_1_i/clk_wiz_0/inst'
INFO: [Timing 38-35] Done setting XDC timing constraints. [e:/Downloads/Basys3-master/Basys3-master/Projects/GPIO/proj/ALS_2/ALS_2.srcs/sources_1/bd/design_1/ip/design_1_clk_wiz_0_0/design_1_clk_wiz_0_0.xdc:57]
INFO: [Timing 38-2] Deriving generated clocks [e:/Downloads/Basys3-master/Basys3-master/Projects/GPIO/proj/ALS_2/ALS_2.srcs/sources_1/bd/design_1/ip/design_1_clk_wiz_0_0/design_1_clk_wiz_0_0.xdc:57]
get_clocks: Time (s): cpu = 00:00:12 ; elapsed = 00:00:12 . Memory (MB): peak = 1025.438 ; gain = 509.945
Finished Parsing XDC File [e:/Downloads/Basys3-master/Basys3-master/Projects/GPIO/proj/ALS_2/ALS_2.srcs/sources_1/bd/design_1/ip/design_1_clk_wiz_0_0/design_1_clk_wiz_0_0.xdc] for cell 'design_1_i/clk_wiz_0/inst'
Parsing XDC File [e:/Downloads/Basys3-master/Basys3-master/Projects/GPIO/proj/ALS_2/ALS_2.srcs/sources_1/bd/design_1/ip/design_1_axi_uartlite_0_0/design_1_axi_uartlite_0_0_board.xdc] for cell 'design_1_i/axi_uartlite_0/U0'
Finished Parsing XDC File [e:/Downloads/Basys3-master/Basys3-master/Projects/GPIO/proj/ALS_2/ALS_2.srcs/sources_1/bd/design_1/ip/design_1_axi_uartlite_0_0/design_1_axi_uartlite_0_0_board.xdc] for cell 'design_1_i/axi_uartlite_0/U0'
Parsing XDC File [e:/Downloads/Basys3-master/Basys3-master/Projects/GPIO/proj/ALS_2/ALS_2.srcs/sources_1/bd/design_1/ip/design_1_axi_uartlite_0_0/design_1_axi_uartlite_0_0.xdc] for cell 'design_1_i/axi_uartlite_0/U0'
Finished Parsing XDC File [e:/Downloads/Basys3-master/Basys3-master/Projects/GPIO/proj/ALS_2/ALS_2.srcs/sources_1/bd/design_1/ip/design_1_axi_uartlite_0_0/design_1_axi_uartlite_0_0.xdc] for cell 'design_1_i/axi_uartlite_0/U0'
Parsing XDC File [e:/Downloads/Basys3-master/Basys3-master/Projects/GPIO/proj/ALS_2/ALS_2.srcs/sources_1/bd/design_1/ip/design_1_PmodALS_0_0/src/PmodALS_pmod_bridge_0_0/PmodALS_pmod_bridge_0_0_board.xdc] for cell 'design_1_i/PmodALS_0/inst/pmod_bridge_0/inst'
Finished Parsing XDC File [e:/Downloads/Basys3-master/Basys3-master/Projects/GPIO/proj/ALS_2/ALS_2.srcs/sources_1/bd/design_1/ip/design_1_PmodALS_0_0/src/PmodALS_pmod_bridge_0_0/PmodALS_pmod_bridge_0_0_board.xdc] for cell 'design_1_i/PmodALS_0/inst/pmod_bridge_0/inst'
Parsing XDC File [e:/Downloads/Basys3-master/Basys3-master/Projects/GPIO/proj/ALS_2/ALS_2.srcs/sources_1/bd/design_1/ip/design_1_PmodALS_0_0/src/PmodALS_axi_quad_spi_0_0/PmodALS_axi_quad_spi_0_0_board.xdc] for cell 'design_1_i/PmodALS_0/inst/axi_quad_spi_0/U0'
Finished Parsing XDC File [e:/Downloads/Basys3-master/Basys3-master/Projects/GPIO/proj/ALS_2/ALS_2.srcs/sources_1/bd/design_1/ip/design_1_PmodALS_0_0/src/PmodALS_axi_quad_spi_0_0/PmodALS_axi_quad_spi_0_0_board.xdc] for cell 'design_1_i/PmodALS_0/inst/axi_quad_spi_0/U0'
Parsing XDC File [e:/Downloads/Basys3-master/Basys3-master/Projects/GPIO/proj/ALS_2/ALS_2.srcs/sources_1/bd/design_1/ip/design_1_PmodALS_0_0/src/PmodALS_axi_quad_spi_0_0/PmodALS_axi_quad_spi_0_0.xdc] for cell 'design_1_i/PmodALS_0/inst/axi_quad_spi_0/U0'
Finished Parsing XDC File [e:/Downloads/Basys3-master/Basys3-master/Projects/GPIO/proj/ALS_2/ALS_2.srcs/sources_1/bd/design_1/ip/design_1_PmodALS_0_0/src/PmodALS_axi_quad_spi_0_0/PmodALS_axi_quad_spi_0_0.xdc] for cell 'design_1_i/PmodALS_0/inst/axi_quad_spi_0/U0'
Parsing XDC File [e:/Downloads/Basys3-master/Basys3-master/Projects/GPIO/proj/ALS_2/ALS_2.srcs/sources_1/bd/design_1/ip/design_1_PmodALS_0_0/design_1_PmodALS_0_0_board.xdc] for cell 'design_1_i/PmodALS_0/inst'
Finished Parsing XDC File [e:/Downloads/Basys3-master/Basys3-master/Projects/GPIO/proj/ALS_2/ALS_2.srcs/sources_1/bd/design_1/ip/design_1_PmodALS_0_0/design_1_PmodALS_0_0_board.xdc] for cell 'design_1_i/PmodALS_0/inst'
Parsing XDC File [e:/Downloads/Basys3-master/Basys3-master/Projects/GPIO/proj/ALS_2/ALS_2.srcs/sources_1/bd/design_1/ip/design_1_microblaze_0_0/design_1_microblaze_0_0.xdc] for cell 'design_1_i/microblaze_0/U0'
Finished Parsing XDC File [e:/Downloads/Basys3-master/Basys3-master/Projects/GPIO/proj/ALS_2/ALS_2.srcs/sources_1/bd/design_1/ip/design_1_microblaze_0_0/design_1_microblaze_0_0.xdc] for cell 'design_1_i/microblaze_0/U0'
Parsing XDC File [e:/Downloads/Basys3-master/Basys3-master/Projects/GPIO/proj/ALS_2/ALS_2.srcs/sources_1/bd/design_1/ip/design_1_dlmb_v10_0/design_1_dlmb_v10_0.xdc] for cell 'design_1_i/microblaze_0_local_memory/dlmb_v10/U0'
Finished Parsing XDC File [e:/Downloads/Basys3-master/Basys3-master/Projects/GPIO/proj/ALS_2/ALS_2.srcs/sources_1/bd/design_1/ip/design_1_dlmb_v10_0/design_1_dlmb_v10_0.xdc] for cell 'design_1_i/microblaze_0_local_memory/dlmb_v10/U0'
Parsing XDC File [e:/Downloads/Basys3-master/Basys3-master/Projects/GPIO/proj/ALS_2/ALS_2.srcs/sources_1/bd/design_1/ip/design_1_ilmb_v10_0/design_1_ilmb_v10_0.xdc] for cell 'design_1_i/microblaze_0_local_memory/ilmb_v10/U0'
Finished Parsing XDC File [e:/Downloads/Basys3-master/Basys3-master/Projects/GPIO/proj/ALS_2/ALS_2.srcs/sources_1/bd/design_1/ip/design_1_ilmb_v10_0/design_1_ilmb_v10_0.xdc] for cell 'design_1_i/microblaze_0_local_memory/ilmb_v10/U0'
Parsing XDC File [e:/Downloads/Basys3-master/Basys3-master/Projects/GPIO/proj/ALS_2/ALS_2.srcs/sources_1/bd/design_1/ip/design_1_mdm_1_0/design_1_mdm_1_0.xdc] for cell 'design_1_i/mdm_1/U0'
Finished Parsing XDC File [e:/Downloads/Basys3-master/Basys3-master/Projects/GPIO/proj/ALS_2/ALS_2.srcs/sources_1/bd/design_1/ip/design_1_mdm_1_0/design_1_mdm_1_0.xdc] for cell 'design_1_i/mdm_1/U0'
Parsing XDC File [e:/Downloads/Basys3-master/Basys3-master/Projects/GPIO/proj/ALS_2/ALS_2.srcs/sources_1/bd/design_1/ip/design_1_rst_clk_wiz_0_100M_0/design_1_rst_clk_wiz_0_100M_0_board.xdc] for cell 'design_1_i/rst_clk_wiz_0_100M/U0'
Finished Parsing XDC File [e:/Downloads/Basys3-master/Basys3-master/Projects/GPIO/proj/ALS_2/ALS_2.srcs/sources_1/bd/design_1/ip/design_1_rst_clk_wiz_0_100M_0/design_1_rst_clk_wiz_0_100M_0_board.xdc] for cell 'design_1_i/rst_clk_wiz_0_100M/U0'
Parsing XDC File [e:/Downloads/Basys3-master/Basys3-master/Projects/GPIO/proj/ALS_2/ALS_2.srcs/sources_1/bd/design_1/ip/design_1_rst_clk_wiz_0_100M_0/design_1_rst_clk_wiz_0_100M_0.xdc] for cell 'design_1_i/rst_clk_wiz_0_100M/U0'
Finished Parsing XDC File [e:/Downloads/Basys3-master/Basys3-master/Projects/GPIO/proj/ALS_2/ALS_2.srcs/sources_1/bd/design_1/ip/design_1_rst_clk_wiz_0_100M_0/design_1_rst_clk_wiz_0_100M_0.xdc] for cell 'design_1_i/rst_clk_wiz_0_100M/U0'
Parsing XDC File [e:/Downloads/Basys3-master/Basys3-master/Projects/GPIO/proj/ALS_2/ALS_2.srcs/sources_1/bd/design_1/ip/design_1_axi_gpio_0_0/design_1_axi_gpio_0_0_board.xdc] for cell 'design_1_i/axi_gpio_0/U0'
Finished Parsing XDC File [e:/Downloads/Basys3-master/Basys3-master/Projects/GPIO/proj/ALS_2/ALS_2.srcs/sources_1/bd/design_1/ip/design_1_axi_gpio_0_0/design_1_axi_gpio_0_0_board.xdc] for cell 'design_1_i/axi_gpio_0/U0'
Parsing XDC File [e:/Downloads/Basys3-master/Basys3-master/Projects/GPIO/proj/ALS_2/ALS_2.srcs/sources_1/bd/design_1/ip/design_1_axi_gpio_0_0/design_1_axi_gpio_0_0.xdc] for cell 'design_1_i/axi_gpio_0/U0'
Finished Parsing XDC File [e:/Downloads/Basys3-master/Basys3-master/Projects/GPIO/proj/ALS_2/ALS_2.srcs/sources_1/bd/design_1/ip/design_1_axi_gpio_0_0/design_1_axi_gpio_0_0.xdc] for cell 'design_1_i/axi_gpio_0/U0'
Parsing XDC File [E:/Downloads/Basys3-master/Basys3-master/Projects/GPIO/proj/ALS_2/ALS_2.srcs/constrs_1/imports/Tutorial/Basys3_Master.xdc]
WARNING: [Vivado 12-584] No ports matched 'swt[0]'. [E:/Downloads/Basys3-master/Basys3-master/Projects/GPIO/proj/ALS_2/ALS_2.srcs/constrs_1/imports/Tutorial/Basys3_Master.xdc:12]
CRITICAL WARNING: [Common 17-55] 'set_property' expects at least one object. [E:/Downloads/Basys3-master/Basys3-master/Projects/GPIO/proj/ALS_2/ALS_2.srcs/constrs_1/imports/Tutorial/Basys3_Master.xdc:12]
Resolution: If [get_<value>] was used to populate the object, check to make sure this command returns at least one valid object.
WARNING: [Vivado 12-584] No ports matched 'swt[0]'. [E:/Downloads/Basys3-master/Basys3-master/Projects/GPIO/proj/ALS_2/ALS_2.srcs/constrs_1/imports/Tutorial/Basys3_Master.xdc:13]
CRITICAL WARNING: [Common 17-55] 'set_property' expects at least one object. [E:/Downloads/Basys3-master/Basys3-master/Projects/GPIO/proj/ALS_2/ALS_2.srcs/constrs_1/imports/Tutorial/Basys3_Master.xdc:13]
Resolution: If [get_<value>] was used to populate the object, check to make sure this command returns at least one valid object.
WARNING: [Vivado 12-584] No ports matched 'swt[1]'. [E:/Downloads/Basys3-master/Basys3-master/Projects/GPIO/proj/ALS_2/ALS_2.srcs/constrs_1/imports/Tutorial/Basys3_Master.xdc:14]
CRITICAL WARNING: [Common 17-55] 'set_property' expects at least one object. [E:/Downloads/Basys3-master/Basys3-master/Projects/GPIO/proj/ALS_2/ALS_2.srcs/constrs_1/imports/Tutorial/Basys3_Master.xdc:14]
Resolution: If [get_<value>] was used to populate the object, check to make sure this command returns at least one valid object.
WARNING: [Vivado 12-584] No ports matched 'swt[1]'. [E:/Downloads/Basys3-master/Basys3-master/Projects/GPIO/proj/ALS_2/ALS_2.srcs/constrs_1/imports/Tutorial/Basys3_Master.xdc:15]
CRITICAL WARNING: [Common 17-55] 'set_property' expects at least one object. [E:/Downloads/Basys3-master/Basys3-master/Projects/GPIO/proj/ALS_2/ALS_2.srcs/constrs_1/imports/Tutorial/Basys3_Master.xdc:15]
Resolution: If [get_<value>] was used to populate the object, check to make sure this command returns at least one valid object.
WARNING: [Vivado 12-584] No ports matched 'swt[2]'. [E:/Downloads/Basys3-master/Basys3-master/Projects/GPIO/proj/ALS_2/ALS_2.srcs/constrs_1/imports/Tutorial/Basys3_Master.xdc:16]
CRITICAL WARNING: [Common 17-55] 'set_property' expects at least one object. [E:/Downloads/Basys3-master/Basys3-master/Projects/GPIO/proj/ALS_2/ALS_2.srcs/constrs_1/imports/Tutorial/Basys3_Master.xdc:16]
Resolution: If [get_<value>] was used to populate the object, check to make sure this command returns at least one valid object.
WARNING: [Vivado 12-584] No ports matched 'swt[2]'. [E:/Downloads/Basys3-master/Basys3-master/Projects/GPIO/proj/ALS_2/ALS_2.srcs/constrs_1/imports/Tutorial/Basys3_Master.xdc:17]
CRITICAL WARNING: [Common 17-55] 'set_property' expects at least one object. [E:/Downloads/Basys3-master/Basys3-master/Projects/GPIO/proj/ALS_2/ALS_2.srcs/constrs_1/imports/Tutorial/Basys3_Master.xdc:17]
Resolution: If [get_<value>] was used to populate the object, check to make sure this command returns at least one valid object.
WARNING: [Vivado 12-584] No ports matched 'swt[3]'. [E:/Downloads/Basys3-master/Basys3-master/Projects/GPIO/proj/ALS_2/ALS_2.srcs/constrs_1/imports/Tutorial/Basys3_Master.xdc:18]
CRITICAL WARNING: [Common 17-55] 'set_property' expects at least one object. [E:/Downloads/Basys3-master/Basys3-master/Projects/GPIO/proj/ALS_2/ALS_2.srcs/constrs_1/imports/Tutorial/Basys3_Master.xdc:18]
Resolution: If [get_<value>] was used to populate the object, check to make sure this command returns at least one valid object.
WARNING: [Vivado 12-584] No ports matched 'swt[3]'. [E:/Downloads/Basys3-master/Basys3-master/Projects/GPIO/proj/ALS_2/ALS_2.srcs/constrs_1/imports/Tutorial/Basys3_Master.xdc:19]
CRITICAL WARNING: [Common 17-55] 'set_property' expects at least one object. [E:/Downloads/Basys3-master/Basys3-master/Projects/GPIO/proj/ALS_2/ALS_2.srcs/constrs_1/imports/Tutorial/Basys3_Master.xdc:19]
Resolution: If [get_<value>] was used to populate the object, check to make sure this command returns at least one valid object.
WARNING: [Vivado 12-584] No ports matched 'swt[4]'. [E:/Downloads/Basys3-master/Basys3-master/Projects/GPIO/proj/ALS_2/ALS_2.srcs/constrs_1/imports/Tutorial/Basys3_Master.xdc:20]
CRITICAL WARNING: [Common 17-55] 'set_property' expects at least one object. [E:/Downloads/Basys3-master/Basys3-master/Projects/GPIO/proj/ALS_2/ALS_2.srcs/constrs_1/imports/Tutorial/Basys3_Master.xdc:20]
Resolution: If [get_<value>] was used to populate the object, check to make sure this command returns at least one valid object.
WARNING: [Vivado 12-584] No ports matched 'swt[4]'. [E:/Downloads/Basys3-master/Basys3-master/Projects/GPIO/proj/ALS_2/ALS_2.srcs/constrs_1/imports/Tutorial/Basys3_Master.xdc:21]
CRITICAL WARNING: [Common 17-55] 'set_property' expects at least one object. [E:/Downloads/Basys3-master/Basys3-master/Projects/GPIO/proj/ALS_2/ALS_2.srcs/constrs_1/imports/Tutorial/Basys3_Master.xdc:21]
Resolution: If [get_<value>] was used to populate the object, check to make sure this command returns at least one valid object.
WARNING: [Vivado 12-584] No ports matched 'swt[5]'. [E:/Downloads/Basys3-master/Basys3-master/Projects/GPIO/proj/ALS_2/ALS_2.srcs/constrs_1/imports/Tutorial/Basys3_Master.xdc:22]
CRITICAL WARNING: [Common 17-55] 'set_property' expects at least one object. [E:/Downloads/Basys3-master/Basys3-master/Projects/GPIO/proj/ALS_2/ALS_2.srcs/constrs_1/imports/Tutorial/Basys3_Master.xdc:22]
Resolution: If [get_<value>] was used to populate the object, check to make sure this command returns at least one valid object.
WARNING: [Vivado 12-584] No ports matched 'swt[5]'. [E:/Downloads/Basys3-master/Basys3-master/Projects/GPIO/proj/ALS_2/ALS_2.srcs/constrs_1/imports/Tutorial/Basys3_Master.xdc:23]
CRITICAL WARNING: [Common 17-55] 'set_property' expects at least one object. [E:/Downloads/Basys3-master/Basys3-master/Projects/GPIO/proj/ALS_2/ALS_2.srcs/constrs_1/imports/Tutorial/Basys3_Master.xdc:23]
Resolution: If [get_<value>] was used to populate the object, check to make sure this command returns at least one valid object.
WARNING: [Vivado 12-584] No ports matched 'swt[6]'. [E:/Downloads/Basys3-master/Basys3-master/Projects/GPIO/proj/ALS_2/ALS_2.srcs/constrs_1/imports/Tutorial/Basys3_Master.xdc:24]
CRITICAL WARNING: [Common 17-55] 'set_property' expects at least one object. [E:/Downloads/Basys3-master/Basys3-master/Projects/GPIO/proj/ALS_2/ALS_2.srcs/constrs_1/imports/Tutorial/Basys3_Master.xdc:24]
Resolution: If [get_<value>] was used to populate the object, check to make sure this command returns at least one valid object.
WARNING: [Vivado 12-584] No ports matched 'swt[6]'. [E:/Downloads/Basys3-master/Basys3-master/Projects/GPIO/proj/ALS_2/ALS_2.srcs/constrs_1/imports/Tutorial/Basys3_Master.xdc:25]
CRITICAL WARNING: [Common 17-55] 'set_property' expects at least one object. [E:/Downloads/Basys3-master/Basys3-master/Projects/GPIO/proj/ALS_2/ALS_2.srcs/constrs_1/imports/Tutorial/Basys3_Master.xdc:25]
Resolution: If [get_<value>] was used to populate the object, check to make sure this command returns at least one valid object.
WARNING: [Vivado 12-584] No ports matched 'swt[7]'. [E:/Downloads/Basys3-master/Basys3-master/Projects/GPIO/proj/ALS_2/ALS_2.srcs/constrs_1/imports/Tutorial/Basys3_Master.xdc:26]
CRITICAL WARNING: [Common 17-55] 'set_property' expects at least one object. [E:/Downloads/Basys3-master/Basys3-master/Projects/GPIO/proj/ALS_2/ALS_2.srcs/constrs_1/imports/Tutorial/Basys3_Master.xdc:26]
Resolution: If [get_<value>] was used to populate the object, check to make sure this command returns at least one valid object.
WARNING: [Vivado 12-584] No ports matched 'swt[7]'. [E:/Downloads/Basys3-master/Basys3-master/Projects/GPIO/proj/ALS_2/ALS_2.srcs/constrs_1/imports/Tutorial/Basys3_Master.xdc:27]
CRITICAL WARNING: [Common 17-55] 'set_property' expects at least one object. [E:/Downloads/Basys3-master/Basys3-master/Projects/GPIO/proj/ALS_2/ALS_2.srcs/constrs_1/imports/Tutorial/Basys3_Master.xdc:27]
Resolution: If [get_<value>] was used to populate the object, check to make sure this command returns at least one valid object.
WARNING: [Vivado 12-584] No ports matched 'led[0]'. [E:/Downloads/Basys3-master/Basys3-master/Projects/GPIO/proj/ALS_2/ALS_2.srcs/constrs_1/imports/Tutorial/Basys3_Master.xdc:47]
CRITICAL WARNING: [Common 17-55] 'set_property' expects at least one object. [E:/Downloads/Basys3-master/Basys3-master/Projects/GPIO/proj/ALS_2/ALS_2.srcs/constrs_1/imports/Tutorial/Basys3_Master.xdc:47]
Resolution: If [get_<value>] was used to populate the object, check to make sure this command returns at least one valid object.
WARNING: [Vivado 12-584] No ports matched 'led[0]'. [E:/Downloads/Basys3-master/Basys3-master/Projects/GPIO/proj/ALS_2/ALS_2.srcs/constrs_1/imports/Tutorial/Basys3_Master.xdc:48]
CRITICAL WARNING: [Common 17-55] 'set_property' expects at least one object. [E:/Downloads/Basys3-master/Basys3-master/Projects/GPIO/proj/ALS_2/ALS_2.srcs/constrs_1/imports/Tutorial/Basys3_Master.xdc:48]
Resolution: If [get_<value>] was used to populate the object, check to make sure this command returns at least one valid object.
WARNING: [Vivado 12-584] No ports matched 'led[1]'. [E:/Downloads/Basys3-master/Basys3-master/Projects/GPIO/proj/ALS_2/ALS_2.srcs/constrs_1/imports/Tutorial/Basys3_Master.xdc:49]
CRITICAL WARNING: [Common 17-55] 'set_property' expects at least one object. [E:/Downloads/Basys3-master/Basys3-master/Projects/GPIO/proj/ALS_2/ALS_2.srcs/constrs_1/imports/Tutorial/Basys3_Master.xdc:49]
Resolution: If [get_<value>] was used to populate the object, check to make sure this command returns at least one valid object.
WARNING: [Vivado 12-584] No ports matched 'led[1]'. [E:/Downloads/Basys3-master/Basys3-master/Projects/GPIO/proj/ALS_2/ALS_2.srcs/constrs_1/imports/Tutorial/Basys3_Master.xdc:50]
CRITICAL WARNING: [Common 17-55] 'set_property' expects at least one object. [E:/Downloads/Basys3-master/Basys3-master/Projects/GPIO/proj/ALS_2/ALS_2.srcs/constrs_1/imports/Tutorial/Basys3_Master.xdc:50]
Resolution: If [get_<value>] was used to populate the object, check to make sure this command returns at least one valid object.
WARNING: [Vivado 12-584] No ports matched 'led[2]'. [E:/Downloads/Basys3-master/Basys3-master/Projects/GPIO/proj/ALS_2/ALS_2.srcs/constrs_1/imports/Tutorial/Basys3_Master.xdc:51]
CRITICAL WARNING: [Common 17-55] 'set_property' expects at least one object. [E:/Downloads/Basys3-master/Basys3-master/Projects/GPIO/proj/ALS_2/ALS_2.srcs/constrs_1/imports/Tutorial/Basys3_Master.xdc:51]
Resolution: If [get_<value>] was used to populate the object, check to make sure this command returns at least one valid object.
WARNING: [Vivado 12-584] No ports matched 'led[2]'. [E:/Downloads/Basys3-master/Basys3-master/Projects/GPIO/proj/ALS_2/ALS_2.srcs/constrs_1/imports/Tutorial/Basys3_Master.xdc:52]
CRITICAL WARNING: [Common 17-55] 'set_property' expects at least one object. [E:/Downloads/Basys3-master/Basys3-master/Projects/GPIO/proj/ALS_2/ALS_2.srcs/constrs_1/imports/Tutorial/Basys3_Master.xdc:52]
Resolution: If [get_<value>] was used to populate the object, check to make sure this command returns at least one valid object.
WARNING: [Vivado 12-584] No ports matched 'led[3]'. [E:/Downloads/Basys3-master/Basys3-master/Projects/GPIO/proj/ALS_2/ALS_2.srcs/constrs_1/imports/Tutorial/Basys3_Master.xdc:53]
CRITICAL WARNING: [Common 17-55] 'set_property' expects at least one object. [E:/Downloads/Basys3-master/Basys3-master/Projects/GPIO/proj/ALS_2/ALS_2.srcs/constrs_1/imports/Tutorial/Basys3_Master.xdc:53]
Resolution: If [get_<value>] was used to populate the object, check to make sure this command returns at least one valid object.
WARNING: [Vivado 12-584] No ports matched 'led[3]'. [E:/Downloads/Basys3-master/Basys3-master/Projects/GPIO/proj/ALS_2/ALS_2.srcs/constrs_1/imports/Tutorial/Basys3_Master.xdc:54]
CRITICAL WARNING: [Common 17-55] 'set_property' expects at least one object. [E:/Downloads/Basys3-master/Basys3-master/Projects/GPIO/proj/ALS_2/ALS_2.srcs/constrs_1/imports/Tutorial/Basys3_Master.xdc:54]
Resolution: If [get_<value>] was used to populate the object, check to make sure this command returns at least one valid object.
WARNING: [Vivado 12-584] No ports matched 'led[4]'. [E:/Downloads/Basys3-master/Basys3-master/Projects/GPIO/proj/ALS_2/ALS_2.srcs/constrs_1/imports/Tutorial/Basys3_Master.xdc:55]
CRITICAL WARNING: [Common 17-55] 'set_property' expects at least one object. [E:/Downloads/Basys3-master/Basys3-master/Projects/GPIO/proj/ALS_2/ALS_2.srcs/constrs_1/imports/Tutorial/Basys3_Master.xdc:55]
Resolution: If [get_<value>] was used to populate the object, check to make sure this command returns at least one valid object.
WARNING: [Vivado 12-584] No ports matched 'led[4]'. [E:/Downloads/Basys3-master/Basys3-master/Projects/GPIO/proj/ALS_2/ALS_2.srcs/constrs_1/imports/Tutorial/Basys3_Master.xdc:56]
CRITICAL WARNING: [Common 17-55] 'set_property' expects at least one object. [E:/Downloads/Basys3-master/Basys3-master/Projects/GPIO/proj/ALS_2/ALS_2.srcs/constrs_1/imports/Tutorial/Basys3_Master.xdc:56]
Resolution: If [get_<value>] was used to populate the object, check to make sure this command returns at least one valid object.
WARNING: [Vivado 12-584] No ports matched 'led[5]'. [E:/Downloads/Basys3-master/Basys3-master/Projects/GPIO/proj/ALS_2/ALS_2.srcs/constrs_1/imports/Tutorial/Basys3_Master.xdc:57]
CRITICAL WARNING: [Common 17-55] 'set_property' expects at least one object. [E:/Downloads/Basys3-master/Basys3-master/Projects/GPIO/proj/ALS_2/ALS_2.srcs/constrs_1/imports/Tutorial/Basys3_Master.xdc:57]
Resolution: If [get_<value>] was used to populate the object, check to make sure this command returns at least one valid object.
WARNING: [Vivado 12-584] No ports matched 'led[5]'. [E:/Downloads/Basys3-master/Basys3-master/Projects/GPIO/proj/ALS_2/ALS_2.srcs/constrs_1/imports/Tutorial/Basys3_Master.xdc:58]
CRITICAL WARNING: [Common 17-55] 'set_property' expects at least one object. [E:/Downloads/Basys3-master/Basys3-master/Projects/GPIO/proj/ALS_2/ALS_2.srcs/constrs_1/imports/Tutorial/Basys3_Master.xdc:58]
Resolution: If [get_<value>] was used to populate the object, check to make sure this command returns at least one valid object.
WARNING: [Vivado 12-584] No ports matched 'led[6]'. [E:/Downloads/Basys3-master/Basys3-master/Projects/GPIO/proj/ALS_2/ALS_2.srcs/constrs_1/imports/Tutorial/Basys3_Master.xdc:59]
CRITICAL WARNING: [Common 17-55] 'set_property' expects at least one object. [E:/Downloads/Basys3-master/Basys3-master/Projects/GPIO/proj/ALS_2/ALS_2.srcs/constrs_1/imports/Tutorial/Basys3_Master.xdc:59]
Resolution: If [get_<value>] was used to populate the object, check to make sure this command returns at least one valid object.
WARNING: [Vivado 12-584] No ports matched 'led[6]'. [E:/Downloads/Basys3-master/Basys3-master/Projects/GPIO/proj/ALS_2/ALS_2.srcs/constrs_1/imports/Tutorial/Basys3_Master.xdc:60]
CRITICAL WARNING: [Common 17-55] 'set_property' expects at least one object. [E:/Downloads/Basys3-master/Basys3-master/Projects/GPIO/proj/ALS_2/ALS_2.srcs/constrs_1/imports/Tutorial/Basys3_Master.xdc:60]
Resolution: If [get_<value>] was used to populate the object, check to make sure this command returns at least one valid object.
WARNING: [Vivado 12-584] No ports matched 'led[7]'. [E:/Downloads/Basys3-master/Basys3-master/Projects/GPIO/proj/ALS_2/ALS_2.srcs/constrs_1/imports/Tutorial/Basys3_Master.xdc:61]
CRITICAL WARNING: [Common 17-55] 'set_property' expects at least one object. [E:/Downloads/Basys3-master/Basys3-master/Projects/GPIO/proj/ALS_2/ALS_2.srcs/constrs_1/imports/Tutorial/Basys3_Master.xdc:61]
Resolution: If [get_<value>] was used to populate the object, check to make sure this command returns at least one valid object.
WARNING: [Vivado 12-584] No ports matched 'led[7]'. [E:/Downloads/Basys3-master/Basys3-master/Projects/GPIO/proj/ALS_2/ALS_2.srcs/constrs_1/imports/Tutorial/Basys3_Master.xdc:62]
CRITICAL WARNING: [Common 17-55] 'set_property' expects at least one object. [E:/Downloads/Basys3-master/Basys3-master/Projects/GPIO/proj/ALS_2/ALS_2.srcs/constrs_1/imports/Tutorial/Basys3_Master.xdc:62]
Resolution: If [get_<value>] was used to populate the object, check to make sure this command returns at least one valid object.
WARNING: [Vivado 12-584] No ports matched 'vgaRed[0]'. [E:/Downloads/Basys3-master/Basys3-master/Projects/GPIO/proj/ALS_2/ALS_2.srcs/constrs_1/imports/Tutorial/Basys3_Master.xdc:236]
CRITICAL WARNING: [Common 17-55] 'set_property' expects at least one object. [E:/Downloads/Basys3-master/Basys3-master/Projects/GPIO/proj/ALS_2/ALS_2.srcs/constrs_1/imports/Tutorial/Basys3_Master.xdc:236]
Resolution: If [get_<value>] was used to populate the object, check to make sure this command returns at least one valid object.
WARNING: [Vivado 12-584] No ports matched 'vgaRed[0]'. [E:/Downloads/Basys3-master/Basys3-master/Projects/GPIO/proj/ALS_2/ALS_2.srcs/constrs_1/imports/Tutorial/Basys3_Master.xdc:237]
CRITICAL WARNING: [Common 17-55] 'set_property' expects at least one object. [E:/Downloads/Basys3-master/Basys3-master/Projects/GPIO/proj/ALS_2/ALS_2.srcs/constrs_1/imports/Tutorial/Basys3_Master.xdc:237]
Resolution: If [get_<value>] was used to populate the object, check to make sure this command returns at least one valid object.
WARNING: [Vivado 12-584] No ports matched 'vgaRed[1]'. [E:/Downloads/Basys3-master/Basys3-master/Projects/GPIO/proj/ALS_2/ALS_2.srcs/constrs_1/imports/Tutorial/Basys3_Master.xdc:238]
CRITICAL WARNING: [Common 17-55] 'set_property' expects at least one object. [E:/Downloads/Basys3-master/Basys3-master/Projects/GPIO/proj/ALS_2/ALS_2.srcs/constrs_1/imports/Tutorial/Basys3_Master.xdc:238]
Resolution: If [get_<value>] was used to populate the object, check to make sure this command returns at least one valid object.
WARNING: [Vivado 12-584] No ports matched 'vgaRed[1]'. [E:/Downloads/Basys3-master/Basys3-master/Projects/GPIO/proj/ALS_2/ALS_2.srcs/constrs_1/imports/Tutorial/Basys3_Master.xdc:239]
CRITICAL WARNING: [Common 17-55] 'set_property' expects at least one object. [E:/Downloads/Basys3-master/Basys3-master/Projects/GPIO/proj/ALS_2/ALS_2.srcs/constrs_1/imports/Tutorial/Basys3_Master.xdc:239]
Resolution: If [get_<value>] was used to populate the object, check to make sure this command returns at least one valid object.
WARNING: [Vivado 12-584] No ports matched 'vgaRed[2]'. [E:/Downloads/Basys3-master/Basys3-master/Projects/GPIO/proj/ALS_2/ALS_2.srcs/constrs_1/imports/Tutorial/Basys3_Master.xdc:240]
CRITICAL WARNING: [Common 17-55] 'set_property' expects at least one object. [E:/Downloads/Basys3-master/Basys3-master/Projects/GPIO/proj/ALS_2/ALS_2.srcs/constrs_1/imports/Tutorial/Basys3_Master.xdc:240]
Resolution: If [get_<value>] was used to populate the object, check to make sure this command returns at least one valid object.
WARNING: [Vivado 12-584] No ports matched 'vgaRed[2]'. [E:/Downloads/Basys3-master/Basys3-master/Projects/GPIO/proj/ALS_2/ALS_2.srcs/constrs_1/imports/Tutorial/Basys3_Master.xdc:241]
CRITICAL WARNING: [Common 17-55] 'set_property' expects at least one object. [E:/Downloads/Basys3-master/Basys3-master/Projects/GPIO/proj/ALS_2/ALS_2.srcs/constrs_1/imports/Tutorial/Basys3_Master.xdc:241]
Resolution: If [get_<value>] was used to populate the object, check to make sure this command returns at least one valid object.
WARNING: [Vivado 12-584] No ports matched 'vgaRed[3]'. [E:/Downloads/Basys3-master/Basys3-master/Projects/GPIO/proj/ALS_2/ALS_2.srcs/constrs_1/imports/Tutorial/Basys3_Master.xdc:242]
CRITICAL WARNING: [Common 17-55] 'set_property' expects at least one object. [E:/Downloads/Basys3-master/Basys3-master/Projects/GPIO/proj/ALS_2/ALS_2.srcs/constrs_1/imports/Tutorial/Basys3_Master.xdc:242]
Resolution: If [get_<value>] was used to populate the object, check to make sure this command returns at least one valid object.
WARNING: [Vivado 12-584] No ports matched 'vgaRed[3]'. [E:/Downloads/Basys3-master/Basys3-master/Projects/GPIO/proj/ALS_2/ALS_2.srcs/constrs_1/imports/Tutorial/Basys3_Master.xdc:243]
CRITICAL WARNING: [Common 17-55] 'set_property' expects at least one object. [E:/Downloads/Basys3-master/Basys3-master/Projects/GPIO/proj/ALS_2/ALS_2.srcs/constrs_1/imports/Tutorial/Basys3_Master.xdc:243]
Resolution: If [get_<value>] was used to populate the object, check to make sure this command returns at least one valid object.
WARNING: [Vivado 12-584] No ports matched 'vgaBlue[0]'. [E:/Downloads/Basys3-master/Basys3-master/Projects/GPIO/proj/ALS_2/ALS_2.srcs/constrs_1/imports/Tutorial/Basys3_Master.xdc:244]
CRITICAL WARNING: [Common 17-55] 'set_property' expects at least one object. [E:/Downloads/Basys3-master/Basys3-master/Projects/GPIO/proj/ALS_2/ALS_2.srcs/constrs_1/imports/Tutorial/Basys3_Master.xdc:244]
Resolution: If [get_<value>] was used to populate the object, check to make sure this command returns at least one valid object.
WARNING: [Vivado 12-584] No ports matched 'vgaBlue[0]'. [E:/Downloads/Basys3-master/Basys3-master/Projects/GPIO/proj/ALS_2/ALS_2.srcs/constrs_1/imports/Tutorial/Basys3_Master.xdc:245]
CRITICAL WARNING: [Common 17-55] 'set_property' expects at least one object. [E:/Downloads/Basys3-master/Basys3-master/Projects/GPIO/proj/ALS_2/ALS_2.srcs/constrs_1/imports/Tutorial/Basys3_Master.xdc:245]
Resolution: If [get_<value>] was used to populate the object, check to make sure this command returns at least one valid object.
WARNING: [Vivado 12-584] No ports matched 'vgaBlue[1]'. [E:/Downloads/Basys3-master/Basys3-master/Projects/GPIO/proj/ALS_2/ALS_2.srcs/constrs_1/imports/Tutorial/Basys3_Master.xdc:246]
CRITICAL WARNING: [Common 17-55] 'set_property' expects at least one object. [E:/Downloads/Basys3-master/Basys3-master/Projects/GPIO/proj/ALS_2/ALS_2.srcs/constrs_1/imports/Tutorial/Basys3_Master.xdc:246]
Resolution: If [get_<value>] was used to populate the object, check to make sure this command returns at least one valid object.
WARNING: [Vivado 12-584] No ports matched 'vgaBlue[1]'. [E:/Downloads/Basys3-master/Basys3-master/Projects/GPIO/proj/ALS_2/ALS_2.srcs/constrs_1/imports/Tutorial/Basys3_Master.xdc:247]
CRITICAL WARNING: [Common 17-55] 'set_property' expects at least one object. [E:/Downloads/Basys3-master/Basys3-master/Projects/GPIO/proj/ALS_2/ALS_2.srcs/constrs_1/imports/Tutorial/Basys3_Master.xdc:247]
Resolution: If [get_<value>] was used to populate the object, check to make sure this command returns at least one valid object.
WARNING: [Vivado 12-584] No ports matched 'vgaBlue[2]'. [E:/Downloads/Basys3-master/Basys3-master/Projects/GPIO/proj/ALS_2/ALS_2.srcs/constrs_1/imports/Tutorial/Basys3_Master.xdc:248]
CRITICAL WARNING: [Common 17-55] 'set_property' expects at least one object. [E:/Downloads/Basys3-master/Basys3-master/Projects/GPIO/proj/ALS_2/ALS_2.srcs/constrs_1/imports/Tutorial/Basys3_Master.xdc:248]
Resolution: If [get_<value>] was used to populate the object, check to make sure this command returns at least one valid object.
WARNING: [Vivado 12-584] No ports matched 'vgaBlue[2]'. [E:/Downloads/Basys3-master/Basys3-master/Projects/GPIO/proj/ALS_2/ALS_2.srcs/constrs_1/imports/Tutorial/Basys3_Master.xdc:249]
CRITICAL WARNING: [Common 17-55] 'set_property' expects at least one object. [E:/Downloads/Basys3-master/Basys3-master/Projects/GPIO/proj/ALS_2/ALS_2.srcs/constrs_1/imports/Tutorial/Basys3_Master.xdc:249]
Resolution: If [get_<value>] was used to populate the object, check to make sure this command returns at least one valid object.
WARNING: [Vivado 12-584] No ports matched 'vgaBlue[3]'. [E:/Downloads/Basys3-master/Basys3-master/Projects/GPIO/proj/ALS_2/ALS_2.srcs/constrs_1/imports/Tutorial/Basys3_Master.xdc:250]
CRITICAL WARNING: [Common 17-55] 'set_property' expects at least one object. [E:/Downloads/Basys3-master/Basys3-master/Projects/GPIO/proj/ALS_2/ALS_2.srcs/constrs_1/imports/Tutorial/Basys3_Master.xdc:250]
Resolution: If [get_<value>] was used to populate the object, check to make sure this command returns at least one valid object.
WARNING: [Vivado 12-584] No ports matched 'vgaBlue[3]'. [E:/Downloads/Basys3-master/Basys3-master/Projects/GPIO/proj/ALS_2/ALS_2.srcs/constrs_1/imports/Tutorial/Basys3_Master.xdc:251]
CRITICAL WARNING: [Common 17-55] 'set_property' expects at least one object. [E:/Downloads/Basys3-master/Basys3-master/Projects/GPIO/proj/ALS_2/ALS_2.srcs/constrs_1/imports/Tutorial/Basys3_Master.xdc:251]
Resolution: If [get_<value>] was used to populate the object, check to make sure this command returns at least one valid object.
WARNING: [Vivado 12-584] No ports matched 'vgaGreen[0]'. [E:/Downloads/Basys3-master/Basys3-master/Projects/GPIO/proj/ALS_2/ALS_2.srcs/constrs_1/imports/Tutorial/Basys3_Master.xdc:252]
CRITICAL WARNING: [Common 17-55] 'set_property' expects at least one object. [E:/Downloads/Basys3-master/Basys3-master/Projects/GPIO/proj/ALS_2/ALS_2.srcs/constrs_1/imports/Tutorial/Basys3_Master.xdc:252]
Resolution: If [get_<value>] was used to populate the object, check to make sure this command returns at least one valid object.
WARNING: [Vivado 12-584] No ports matched 'vgaGreen[0]'. [E:/Downloads/Basys3-master/Basys3-master/Projects/GPIO/proj/ALS_2/ALS_2.srcs/constrs_1/imports/Tutorial/Basys3_Master.xdc:253]
CRITICAL WARNING: [Common 17-55] 'set_property' expects at least one object. [E:/Downloads/Basys3-master/Basys3-master/Projects/GPIO/proj/ALS_2/ALS_2.srcs/constrs_1/imports/Tutorial/Basys3_Master.xdc:253]
Resolution: If [get_<value>] was used to populate the object, check to make sure this command returns at least one valid object.
WARNING: [Vivado 12-584] No ports matched 'vgaGreen[1]'. [E:/Downloads/Basys3-master/Basys3-master/Projects/GPIO/proj/ALS_2/ALS_2.srcs/constrs_1/imports/Tutorial/Basys3_Master.xdc:254]
CRITICAL WARNING: [Common 17-55] 'set_property' expects at least one object. [E:/Downloads/Basys3-master/Basys3-master/Projects/GPIO/proj/ALS_2/ALS_2.srcs/constrs_1/imports/Tutorial/Basys3_Master.xdc:254]
Resolution: If [get_<value>] was used to populate the object, check to make sure this command returns at least one valid object.
WARNING: [Vivado 12-584] No ports matched 'vgaGreen[1]'. [E:/Downloads/Basys3-master/Basys3-master/Projects/GPIO/proj/ALS_2/ALS_2.srcs/constrs_1/imports/Tutorial/Basys3_Master.xdc:255]
CRITICAL WARNING: [Common 17-55] 'set_property' expects at least one object. [E:/Downloads/Basys3-master/Basys3-master/Projects/GPIO/proj/ALS_2/ALS_2.srcs/constrs_1/imports/Tutorial/Basys3_Master.xdc:255]
Resolution: If [get_<value>] was used to populate the object, check to make sure this command returns at least one valid object.
WARNING: [Vivado 12-584] No ports matched 'vgaGreen[2]'. [E:/Downloads/Basys3-master/Basys3-master/Projects/GPIO/proj/ALS_2/ALS_2.srcs/constrs_1/imports/Tutorial/Basys3_Master.xdc:256]
CRITICAL WARNING: [Common 17-55] 'set_property' expects at least one object. [E:/Downloads/Basys3-master/Basys3-master/Projects/GPIO/proj/ALS_2/ALS_2.srcs/constrs_1/imports/Tutorial/Basys3_Master.xdc:256]
Resolution: If [get_<value>] was used to populate the object, check to make sure this command returns at least one valid object.
WARNING: [Vivado 12-584] No ports matched 'vgaGreen[2]'. [E:/Downloads/Basys3-master/Basys3-master/Projects/GPIO/proj/ALS_2/ALS_2.srcs/constrs_1/imports/Tutorial/Basys3_Master.xdc:257]
CRITICAL WARNING: [Common 17-55] 'set_property' expects at least one object. [E:/Downloads/Basys3-master/Basys3-master/Projects/GPIO/proj/ALS_2/ALS_2.srcs/constrs_1/imports/Tutorial/Basys3_Master.xdc:257]
Resolution: If [get_<value>] was used to populate the object, check to make sure this command returns at least one valid object.
WARNING: [Vivado 12-584] No ports matched 'vgaGreen[3]'. [E:/Downloads/Basys3-master/Basys3-master/Projects/GPIO/proj/ALS_2/ALS_2.srcs/constrs_1/imports/Tutorial/Basys3_Master.xdc:258]
CRITICAL WARNING: [Common 17-55] 'set_property' expects at least one object. [E:/Downloads/Basys3-master/Basys3-master/Projects/GPIO/proj/ALS_2/ALS_2.srcs/constrs_1/imports/Tutorial/Basys3_Master.xdc:258]
Resolution: If [get_<value>] was used to populate the object, check to make sure this command returns at least one valid object.
WARNING: [Vivado 12-584] No ports matched 'vgaGreen[3]'. [E:/Downloads/Basys3-master/Basys3-master/Projects/GPIO/proj/ALS_2/ALS_2.srcs/constrs_1/imports/Tutorial/Basys3_Master.xdc:259]
CRITICAL WARNING: [Common 17-55] 'set_property' expects at least one object. [E:/Downloads/Basys3-master/Basys3-master/Projects/GPIO/proj/ALS_2/ALS_2.srcs/constrs_1/imports/Tutorial/Basys3_Master.xdc:259]
Resolution: If [get_<value>] was used to populate the object, check to make sure this command returns at least one valid object.
WARNING: [Vivado 12-584] No ports matched 'Hsync'. [E:/Downloads/Basys3-master/Basys3-master/Projects/GPIO/proj/ALS_2/ALS_2.srcs/constrs_1/imports/Tutorial/Basys3_Master.xdc:260]
CRITICAL WARNING: [Common 17-55] 'set_property' expects at least one object. [E:/Downloads/Basys3-master/Basys3-master/Projects/GPIO/proj/ALS_2/ALS_2.srcs/constrs_1/imports/Tutorial/Basys3_Master.xdc:260]
Resolution: If [get_<value>] was used to populate the object, check to make sure this command returns at least one valid object.
WARNING: [Vivado 12-584] No ports matched 'Hsync'. [E:/Downloads/Basys3-master/Basys3-master/Projects/GPIO/proj/ALS_2/ALS_2.srcs/constrs_1/imports/Tutorial/Basys3_Master.xdc:261]
CRITICAL WARNING: [Common 17-55] 'set_property' expects at least one object. [E:/Downloads/Basys3-master/Basys3-master/Projects/GPIO/proj/ALS_2/ALS_2.srcs/constrs_1/imports/Tutorial/Basys3_Master.xdc:261]
Resolution: If [get_<value>] was used to populate the object, check to make sure this command returns at least one valid object.
WARNING: [Vivado 12-584] No ports matched 'Vsync'. [E:/Downloads/Basys3-master/Basys3-master/Projects/GPIO/proj/ALS_2/ALS_2.srcs/constrs_1/imports/Tutorial/Basys3_Master.xdc:262]
CRITICAL WARNING: [Common 17-55] 'set_property' expects at least one object. [E:/Downloads/Basys3-master/Basys3-master/Projects/GPIO/proj/ALS_2/ALS_2.srcs/constrs_1/imports/Tutorial/Basys3_Master.xdc:262]
Resolution: If [get_<value>] was used to populate the object, check to make sure this command returns at least one valid object.
WARNING: [Vivado 12-584] No ports matched 'Vsync'. [E:/Downloads/Basys3-master/Basys3-master/Projects/GPIO/proj/ALS_2/ALS_2.srcs/constrs_1/imports/Tutorial/Basys3_Master.xdc:263]
CRITICAL WARNING: [Common 17-55] 'set_property' expects at least one object. [E:/Downloads/Basys3-master/Basys3-master/Projects/GPIO/proj/ALS_2/ALS_2.srcs/constrs_1/imports/Tutorial/Basys3_Master.xdc:263]
Resolution: If [get_<value>] was used to populate the object, check to make sure this command returns at least one valid object.
Finished Parsing XDC File [E:/Downloads/Basys3-master/Basys3-master/Projects/GPIO/proj/ALS_2/ALS_2.srcs/constrs_1/imports/Tutorial/Basys3_Master.xdc]
INFO: [Project 1-538] Using original IP XDC constraints instead of the XDC constraints in dcp 'E:/Downloads/Basys3-master/Basys3-master/Projects/GPIO/proj/ALS_2/ALS_2.srcs/sources_1/bd/design_1/ip/design_1_clk_wiz_0_0/design_1_clk_wiz_0_0.dcp'
INFO: [Project 1-538] Using original IP XDC constraints instead of the XDC constraints in dcp 'e:/Downloads/Basys3-master/Basys3-master/Projects/GPIO/proj/ALS_2/ALS_2.srcs/sources_1/bd/design_1/ip/design_1_axi_uartlite_0_0/design_1_axi_uartlite_0_0.dcp'
INFO: [Project 1-538] Using original IP XDC constraints instead of the XDC constraints in dcp 'e:/Downloads/Basys3-master/Basys3-master/Projects/GPIO/proj/ALS_2/ALS_2.srcs/sources_1/bd/design_1/ip/design_1_PmodALS_0_0/design_1_PmodALS_0_0.dcp'
INFO: [Project 1-538] Using original IP XDC constraints instead of the XDC constraints in dcp 'e:/Downloads/Basys3-master/Basys3-master/Projects/GPIO/proj/ALS_2/ALS_2.srcs/sources_1/bd/design_1/ip/design_1_microblaze_0_0/design_1_microblaze_0_0.dcp'
INFO: [Project 1-538] Using original IP XDC constraints instead of the XDC constraints in dcp 'e:/Downloads/Basys3-master/Basys3-master/Projects/GPIO/proj/ALS_2/ALS_2.srcs/sources_1/bd/design_1/ip/design_1_dlmb_v10_0/design_1_dlmb_v10_0.dcp'
INFO: [Project 1-538] Using original IP XDC constraints instead of the XDC constraints in dcp 'e:/Downloads/Basys3-master/Basys3-master/Projects/GPIO/proj/ALS_2/ALS_2.srcs/sources_1/bd/design_1/ip/design_1_ilmb_v10_0/design_1_ilmb_v10_0.dcp'
INFO: [Project 1-538] Using original IP XDC constraints instead of the XDC constraints in dcp 'E:/Downloads/Basys3-master/Basys3-master/Projects/GPIO/proj/ALS_2/ALS_2.srcs/sources_1/bd/design_1/ip/design_1_dlmb_bram_if_cntlr_0/design_1_dlmb_bram_if_cntlr_0.dcp'
INFO: [Project 1-538] Using original IP XDC constraints instead of the XDC constraints in dcp 'e:/Downloads/Basys3-master/Basys3-master/Projects/GPIO/proj/ALS_2/ALS_2.srcs/sources_1/bd/design_1/ip/design_1_ilmb_bram_if_cntlr_0/design_1_ilmb_bram_if_cntlr_0.dcp'
INFO: [Project 1-538] Using original IP XDC constraints instead of the XDC constraints in dcp 'e:/Downloads/Basys3-master/Basys3-master/Projects/GPIO/proj/ALS_2/ALS_2.srcs/sources_1/bd/design_1/ip/design_1_lmb_bram_0/design_1_lmb_bram_0.dcp'
INFO: [Project 1-538] Using original IP XDC constraints instead of the XDC constraints in dcp 'e:/Downloads/Basys3-master/Basys3-master/Projects/GPIO/proj/ALS_2/ALS_2.srcs/sources_1/bd/design_1/ip/design_1_mdm_1_0/design_1_mdm_1_0.dcp'
INFO: [Project 1-538] Using original IP XDC constraints instead of the XDC constraints in dcp 'e:/Downloads/Basys3-master/Basys3-master/Projects/GPIO/proj/ALS_2/ALS_2.srcs/sources_1/bd/design_1/ip/design_1_rst_clk_wiz_0_100M_0/design_1_rst_clk_wiz_0_100M_0.dcp'
INFO: [Project 1-538] Using original IP XDC constraints instead of the XDC constraints in dcp 'E:/Downloads/Basys3-master/Basys3-master/Projects/GPIO/proj/ALS_2/ALS_2.srcs/sources_1/bd/design_1/ip/design_1_xbar_0/design_1_xbar_0.dcp'
INFO: [Project 1-538] Using original IP XDC constraints instead of the XDC constraints in dcp 'e:/Downloads/Basys3-master/Basys3-master/Projects/GPIO/proj/ALS_2/ALS_2.srcs/sources_1/bd/design_1/ip/design_1_axi_gpio_0_0/design_1_axi_gpio_0_0.dcp'
Parsing XDC File [e:/Downloads/Basys3-master/Basys3-master/Projects/GPIO/proj/ALS_2/ALS_2.srcs/sources_1/bd/design_1/ip/design_1_PmodALS_0_0/src/PmodALS_axi_quad_spi_0_0/PmodALS_axi_quad_spi_0_0_clocks.xdc] for cell 'design_1_i/PmodALS_0/inst/axi_quad_spi_0/U0'
Finished Parsing XDC File [e:/Downloads/Basys3-master/Basys3-master/Projects/GPIO/proj/ALS_2/ALS_2.srcs/sources_1/bd/design_1/ip/design_1_PmodALS_0_0/src/PmodALS_axi_quad_spi_0_0/PmodALS_axi_quad_spi_0_0_clocks.xdc] for cell 'design_1_i/PmodALS_0/inst/axi_quad_spi_0/U0'
INFO: [Opt 31-138] Pushed 0 inverter(s) to 0 load pin(s).
Generating merged BMM file for the design top 'design_1_wrapper'...
INFO: [Memdata 28-144] Successfully populated the BRAM INIT strings from the following elf files: e:/Downloads/Basys3-master/Basys3-master/Projects/GPIO/proj/ALS_2/ALS_2.srcs/sources_1/bd/design_1/ip/design_1_microblaze_0_0/data/mb_bootloop_le.elf 
INFO: [Project 1-111] Unisim Transformation Summary:
  A total of 124 instances were transformed.
  IOBUF => IOBUF (IBUF, OBUFT): 24 instances
  LUT6_2 => LUT6_2 (LUT5, LUT6): 80 instances
  RAM32M => RAM32M (RAMD32, RAMD32, RAMD32, RAMD32, RAMD32, RAMD32, RAMS32, RAMS32): 20 instances

link_design: Time (s): cpu = 00:00:21 ; elapsed = 00:00:23 . Memory (MB): peak = 1026.332 ; gain = 809.461
CRITICAL WARNING: [Pfi 67-13] Hardware Handoff file PmodALS.hwdef does not exist for instance design_1_i/PmodALS_0/inst
Command: opt_design
Attempting to get a license for feature 'Implementation' and/or device 'xc7a35t'
INFO: [Common 17-349] Got license for feature 'Implementation' and/or device 'xc7a35t'
Running DRC as a precondition to command opt_design

Starting DRC Task
INFO: [DRC 23-27] Running DRC with 2 threads
INFO: [Project 1-461] DRC finished with 0 Errors
INFO: [Project 1-462] Please refer to the DRC report (report_drc) for more information.

Time (s): cpu = 00:00:02 ; elapsed = 00:00:00.763 . Memory (MB): peak = 1026.332 ; gain = 0.000
INFO: [Timing 38-35] Done setting XDC timing constraints.

Starting Logic Optimization Task
Implement Debug Cores | Checksum: 1d570f51f

Phase 1 Retarget
INFO: [Opt 31-138] Pushed 3 inverter(s) to 13 load pin(s).
INFO: [Opt 31-49] Retargeted 0 cell(s).
Phase 1 Retarget | Checksum: 15a786d64

Time (s): cpu = 00:00:01 ; elapsed = 00:00:00.530 . Memory (MB): peak = 1026.332 ; gain = 0.000

Phase 2 Constant propagation
INFO: [Opt 31-138] Pushed 0 inverter(s) to 0 load pin(s).
INFO: [Opt 31-10] Eliminated 313 cells.
Phase 2 Constant propagation | Checksum: 1ca3ab14b

Time (s): cpu = 00:00:02 ; elapsed = 00:00:01 . Memory (MB): peak = 1026.332 ; gain = 0.000

Phase 3 Sweep
INFO: [Opt 31-12] Eliminated 1216 unconnected nets.
INFO: [Opt 31-11] Eliminated 760 unconnected cells.
Phase 3 Sweep | Checksum: 1aaca1ab2

Time (s): cpu = 00:00:03 ; elapsed = 00:00:02 . Memory (MB): peak = 1026.332 ; gain = 0.000

Phase 4 BUFG optimization
INFO: [Opt 31-12] Eliminated 0 unconnected nets.
INFO: [Opt 31-11] Eliminated 0 unconnected cells.
Phase 4 BUFG optimization | Checksum: 131b5751b

Time (s): cpu = 00:00:04 ; elapsed = 00:00:03 . Memory (MB): peak = 1026.332 ; gain = 0.000

Starting Connectivity Check Task

Time (s): cpu = 00:00:00 ; elapsed = 00:00:00.016 . Memory (MB): peak = 1026.332 ; gain = 0.000
Ending Logic Optimization Task | Checksum: 131b5751b

Time (s): cpu = 00:00:04 ; elapsed = 00:00:03 . Memory (MB): peak = 1026.332 ; gain = 0.000

Starting Power Optimization Task
INFO: [Pwropt 34-132] Skipping clock gating for clocks with a period < 2.00 ns.
INFO: [Timing 38-35] Done setting XDC timing constraints.
Running Vector-less Activity Propagation...

Finished Running Vector-less Activity Propagation
INFO: [Pwropt 34-9] Applying IDT optimizations ...
INFO: [Pwropt 34-10] Applying ODC optimizations ...


Starting PowerOpt Patch Enables Task
INFO: [Pwropt 34-162] WRITE_MODE attribute of 0 BRAM(s) out of a total of 32 has been updated to save power. Run report_power_opt to get a complete listing of the BRAMs updated.
INFO: [Pwropt 34-201] Structural ODC has moved 0 WE to EN ports
Number of BRAM Ports augmented: 0 newly gated: 0 Total Ports: 64
Ending PowerOpt Patch Enables Task | Checksum: 131b5751b

Time (s): cpu = 00:00:00 ; elapsed = 00:00:00.041 . Memory (MB): peak = 1191.500 ; gain = 0.000
Ending Power Optimization Task | Checksum: 131b5751b

Time (s): cpu = 00:00:09 ; elapsed = 00:00:07 . Memory (MB): peak = 1191.500 ; gain = 165.168
INFO: [Common 17-83] Releasing license: Implementation
56 Infos, 84 Warnings, 61 Critical Warnings and 0 Errors encountered.
opt_design completed successfully
opt_design: Time (s): cpu = 00:00:15 ; elapsed = 00:00:12 . Memory (MB): peak = 1191.500 ; gain = 165.168
Writing placer database...
Writing XDEF routing.
Writing XDEF routing logical nets.
Writing XDEF routing special nets.
Write XDEF Complete: Time (s): cpu = 00:00:00 ; elapsed = 00:00:00.045 . Memory (MB): peak = 1191.500 ; gain = 0.000
INFO: [Common 17-1381] The checkpoint 'E:/Downloads/Basys3-master/Basys3-master/Projects/GPIO/proj/ALS_2/ALS_2.runs/impl_1/design_1_wrapper_opt.dcp' has been generated.
INFO: [DRC 23-27] Running DRC with 2 threads
INFO: [Coretcl 2-168] The results of DRC are in file E:/Downloads/Basys3-master/Basys3-master/Projects/GPIO/proj/ALS_2/ALS_2.runs/impl_1/design_1_wrapper_drc_opted.rpt.
INFO: [Chipscope 16-241] No debug cores found in the current design.
Before running the implement_debug_core command, either use the Set Up Debug wizard (GUI mode)
or use the create_debug_core and connect_debug_core Tcl commands to insert debug cores into the design.
Command: place_design
Attempting to get a license for feature 'Implementation' and/or device 'xc7a35t'
INFO: [Common 17-349] Got license for feature 'Implementation' and/or device 'xc7a35t'
INFO: [DRC 23-27] Running DRC with 2 threads
INFO: [Vivado_Tcl 4-198] DRC finished with 0 Errors
INFO: [Vivado_Tcl 4-199] Please refer to the DRC report (report_drc) for more information.
Running DRC as a precondition to command place_design
INFO: [DRC 23-27] Running DRC with 2 threads
INFO: [Vivado_Tcl 4-198] DRC finished with 0 Errors
INFO: [Vivado_Tcl 4-199] Please refer to the DRC report (report_drc) for more information.

Starting Placer Task
INFO: [Place 30-611] Multithreading enabled for place_design using a maximum of 2 CPUs

Phase 1 Placer Initialization
Netlist sorting complete. Time (s): cpu = 00:00:00 ; elapsed = 00:00:00.018 . Memory (MB): peak = 1191.500 ; gain = 0.000
Netlist sorting complete. Time (s): cpu = 00:00:00 ; elapsed = 00:00:00.019 . Memory (MB): peak = 1191.500 ; gain = 0.000

Phase 1.1 IO Placement/ Clock Placement/ Build Placer Device
INFO: [Timing 38-35] Done setting XDC timing constraints.
Phase 1.1 IO Placement/ Clock Placement/ Build Placer Device | Checksum: 15f5f1c44

Time (s): cpu = 00:00:02 ; elapsed = 00:00:02 . Memory (MB): peak = 1191.500 ; gain = 0.000

Phase 1.2 Build Placer Netlist Model
Phase 1.2 Build Placer Netlist Model | Checksum: 2cf75457b

Time (s): cpu = 00:00:05 ; elapsed = 00:00:04 . Memory (MB): peak = 1191.500 ; gain = 0.000

Phase 1.3 Constrain Clocks/Macros
Phase 1.3 Constrain Clocks/Macros | Checksum: 2cf75457b

Time (s): cpu = 00:00:05 ; elapsed = 00:00:04 . Memory (MB): peak = 1191.500 ; gain = 0.000
Phase 1 Placer Initialization | Checksum: 2cf75457b

Time (s): cpu = 00:00:05 ; elapsed = 00:00:04 . Memory (MB): peak = 1191.500 ; gain = 0.000

Phase 2 Global Placement
Phase 2 Global Placement | Checksum: 234d54582

Time (s): cpu = 00:00:12 ; elapsed = 00:00:08 . Memory (MB): peak = 1191.500 ; gain = 0.000

Phase 3 Detail Placement

Phase 3.1 Commit Multi Column Macros
Phase 3.1 Commit Multi Column Macros | Checksum: 234d54582

Time (s): cpu = 00:00:12 ; elapsed = 00:00:08 . Memory (MB): peak = 1191.500 ; gain = 0.000

Phase 3.2 Commit Most Macros & LUTRAMs
Phase 3.2 Commit Most Macros & LUTRAMs | Checksum: 149415149

Time (s): cpu = 00:00:13 ; elapsed = 00:00:09 . Memory (MB): peak = 1191.500 ; gain = 0.000

Phase 3.3 Area Swap Optimization
Phase 3.3 Area Swap Optimization | Checksum: 1ecd684a3

Time (s): cpu = 00:00:13 ; elapsed = 00:00:09 . Memory (MB): peak = 1191.500 ; gain = 0.000

Phase 3.4 Pipeline Register Optimization
Phase 3.4 Pipeline Register Optimization | Checksum: 159140728

Time (s): cpu = 00:00:13 ; elapsed = 00:00:09 . Memory (MB): peak = 1191.500 ; gain = 0.000

Phase 3.5 Timing Path Optimizer
Phase 3.5 Timing Path Optimizer | Checksum: 19e79efff

Time (s): cpu = 00:00:14 ; elapsed = 00:00:09 . Memory (MB): peak = 1191.500 ; gain = 0.000

Phase 3.6 Small Shape Detail Placement
Phase 3.6 Small Shape Detail Placement | Checksum: 1e8ac9e96

Time (s): cpu = 00:00:15 ; elapsed = 00:00:11 . Memory (MB): peak = 1191.500 ; gain = 0.000

Phase 3.7 Re-assign LUT pins
Phase 3.7 Re-assign LUT pins | Checksum: 1cd7e73ba

Time (s): cpu = 00:00:15 ; elapsed = 00:00:11 . Memory (MB): peak = 1191.500 ; gain = 0.000

Phase 3.8 Pipeline Register Optimization
Phase 3.8 Pipeline Register Optimization | Checksum: 1cd7e73ba

Time (s): cpu = 00:00:16 ; elapsed = 00:00:11 . Memory (MB): peak = 1191.500 ; gain = 0.000
Phase 3 Detail Placement | Checksum: 1cd7e73ba

Time (s): cpu = 00:00:16 ; elapsed = 00:00:11 . Memory (MB): peak = 1191.500 ; gain = 0.000

Phase 4 Post Placement Optimization and Clean-Up

Phase 4.1 Post Commit Optimization
INFO: [Timing 38-35] Done setting XDC timing constraints.

Phase 4.1.1 Post Placement Optimization
INFO: [Place 30-746] Post Placement Timing Summary WNS=2.325. For the most accurate timing information please run report_timing.
Phase 4.1.1 Post Placement Optimization | Checksum: 1f7db2aa0

Time (s): cpu = 00:00:17 ; elapsed = 00:00:12 . Memory (MB): peak = 1191.500 ; gain = 0.000
Phase 4.1 Post Commit Optimization | Checksum: 1f7db2aa0

Time (s): cpu = 00:00:18 ; elapsed = 00:00:12 . Memory (MB): peak = 1191.500 ; gain = 0.000

Phase 4.2 Post Placement Cleanup
Phase 4.2 Post Placement Cleanup | Checksum: 1f7db2aa0

Time (s): cpu = 00:00:18 ; elapsed = 00:00:13 . Memory (MB): peak = 1191.500 ; gain = 0.000

Phase 4.3 Placer Reporting
Phase 4.3 Placer Reporting | Checksum: 1f7db2aa0

Time (s): cpu = 00:00:18 ; elapsed = 00:00:13 . Memory (MB): peak = 1191.500 ; gain = 0.000

Phase 4.4 Final Placement Cleanup
Phase 4.4 Final Placement Cleanup | Checksum: 1f6848f11

Time (s): cpu = 00:00:18 ; elapsed = 00:00:13 . Memory (MB): peak = 1191.500 ; gain = 0.000
Phase 4 Post Placement Optimization and Clean-Up | Checksum: 1f6848f11

Time (s): cpu = 00:00:18 ; elapsed = 00:00:13 . Memory (MB): peak = 1191.500 ; gain = 0.000
Ending Placer Task | Checksum: 173453ea3

Time (s): cpu = 00:00:18 ; elapsed = 00:00:13 . Memory (MB): peak = 1191.500 ; gain = 0.000
INFO: [Common 17-83] Releasing license: Implementation
72 Infos, 84 Warnings, 61 Critical Warnings and 0 Errors encountered.
place_design completed successfully
place_design: Time (s): cpu = 00:00:21 ; elapsed = 00:00:14 . Memory (MB): peak = 1191.500 ; gain = 0.000
Writing placer database...
Writing XDEF routing.
Writing XDEF routing logical nets.
Writing XDEF routing special nets.
Write XDEF Complete: Time (s): cpu = 00:00:01 ; elapsed = 00:00:00.503 . Memory (MB): peak = 1191.500 ; gain = 0.000
INFO: [Common 17-1381] The checkpoint 'E:/Downloads/Basys3-master/Basys3-master/Projects/GPIO/proj/ALS_2/ALS_2.runs/impl_1/design_1_wrapper_placed.dcp' has been generated.
report_io: Time (s): cpu = 00:00:00 ; elapsed = 00:00:00.081 . Memory (MB): peak = 1191.500 ; gain = 0.000
report_utilization: Time (s): cpu = 00:00:00 ; elapsed = 00:00:00.061 . Memory (MB): peak = 1191.500 ; gain = 0.000
report_control_sets: Time (s): cpu = 00:00:00 ; elapsed = 00:00:00.033 . Memory (MB): peak = 1191.500 ; gain = 0.000
Command: route_design
Attempting to get a license for feature 'Implementation' and/or device 'xc7a35t'
INFO: [Common 17-349] Got license for feature 'Implementation' and/or device 'xc7a35t'
Running DRC as a precondition to command route_design
INFO: [DRC 23-27] Running DRC with 2 threads
INFO: [Vivado_Tcl 4-198] DRC finished with 0 Errors
INFO: [Vivado_Tcl 4-199] Please refer to the DRC report (report_drc) for more information.


Starting Routing Task
INFO: [Route 35-254] Multithreading enabled for route_design using a maximum of 2 CPUs
Checksum: PlaceDB: 8d6e4006 ConstDB: 0 ShapeSum: e5d6fe9d RouteDB: 0

Phase 1 Build RT Design
Phase 1 Build RT Design | Checksum: d196e698

Time (s): cpu = 00:00:29 ; elapsed = 00:00:25 . Memory (MB): peak = 1191.500 ; gain = 0.000

Phase 2 Router Initialization

Phase 2.1 Create Timer
Phase 2.1 Create Timer | Checksum: d196e698

Time (s): cpu = 00:00:29 ; elapsed = 00:00:25 . Memory (MB): peak = 1191.500 ; gain = 0.000

Phase 2.2 Fix Topology Constraints
Phase 2.2 Fix Topology Constraints | Checksum: d196e698

Time (s): cpu = 00:00:29 ; elapsed = 00:00:25 . Memory (MB): peak = 1191.500 ; gain = 0.000

Phase 2.3 Pre Route Cleanup
Phase 2.3 Pre Route Cleanup | Checksum: d196e698

Time (s): cpu = 00:00:29 ; elapsed = 00:00:25 . Memory (MB): peak = 1191.500 ; gain = 0.000
 Number of Nodes with overlaps = 0

Phase 2.4 Update Timing
Phase 2.4 Update Timing | Checksum: d6a62cab

Time (s): cpu = 00:00:32 ; elapsed = 00:00:27 . Memory (MB): peak = 1191.500 ; gain = 0.000
INFO: [Route 35-416] Intermediate Timing Summary | WNS=2.493  | TNS=0.000  | WHS=-0.241 | THS=-69.579|


Phase 2.5 Update Timing for Bus Skew

Phase 2.5.1 Update Timing
Phase 2.5.1 Update Timing | Checksum: 13e9d8265

Time (s): cpu = 00:00:33 ; elapsed = 00:00:28 . Memory (MB): peak = 1191.500 ; gain = 0.000
INFO: [Route 35-416] Intermediate Timing Summary | WNS=2.493  | TNS=0.000  | WHS=N/A    | THS=N/A    |

Phase 2.5 Update Timing for Bus Skew | Checksum: 9315958f

Time (s): cpu = 00:00:33 ; elapsed = 00:00:28 . Memory (MB): peak = 1191.500 ; gain = 0.000
Phase 2 Router Initialization | Checksum: f167ff68

Time (s): cpu = 00:00:33 ; elapsed = 00:00:28 . Memory (MB): peak = 1191.500 ; gain = 0.000

Phase 3 Initial Routing
Phase 3 Initial Routing | Checksum: 192a2b5d2

Time (s): cpu = 00:00:38 ; elapsed = 00:00:31 . Memory (MB): peak = 1205.324 ; gain = 13.824

Phase 4 Rip-up And Reroute

Phase 4.1 Global Iteration 0
 Number of Nodes with overlaps = 374
 Number of Nodes with overlaps = 21
 Number of Nodes with overlaps = 1
 Number of Nodes with overlaps = 0

Phase 4.1.1 Update Timing
Phase 4.1.1 Update Timing | Checksum: cd462c4b

Time (s): cpu = 00:00:41 ; elapsed = 00:00:33 . Memory (MB): peak = 1205.324 ; gain = 13.824
INFO: [Route 35-416] Intermediate Timing Summary | WNS=1.909  | TNS=0.000  | WHS=N/A    | THS=N/A    |

Phase 4.1 Global Iteration 0 | Checksum: 1e07aedd7

Time (s): cpu = 00:00:42 ; elapsed = 00:00:33 . Memory (MB): peak = 1205.324 ; gain = 13.824
Phase 4 Rip-up And Reroute | Checksum: 1e07aedd7

Time (s): cpu = 00:00:42 ; elapsed = 00:00:33 . Memory (MB): peak = 1205.324 ; gain = 13.824

Phase 5 Delay and Skew Optimization

Phase 5.1 Delay CleanUp

Phase 5.1.1 Update Timing
Phase 5.1.1 Update Timing | Checksum: 13407b7d8

Time (s): cpu = 00:00:42 ; elapsed = 00:00:33 . Memory (MB): peak = 1205.324 ; gain = 13.824
INFO: [Route 35-416] Intermediate Timing Summary | WNS=1.909  | TNS=0.000  | WHS=N/A    | THS=N/A    |

Phase 5.1 Delay CleanUp | Checksum: 1f2a3e8a1

Time (s): cpu = 00:00:42 ; elapsed = 00:00:33 . Memory (MB): peak = 1205.324 ; gain = 13.824

Phase 5.2 Clock Skew Optimization
Phase 5.2 Clock Skew Optimization | Checksum: 1f2a3e8a1

Time (s): cpu = 00:00:42 ; elapsed = 00:00:33 . Memory (MB): peak = 1205.324 ; gain = 13.824
Phase 5 Delay and Skew Optimization | Checksum: 1f2a3e8a1

Time (s): cpu = 00:00:42 ; elapsed = 00:00:33 . Memory (MB): peak = 1205.324 ; gain = 13.824

Phase 6 Post Hold Fix

Phase 6.1 Hold Fix Iter

Phase 6.1.1 Update Timing
Phase 6.1.1 Update Timing | Checksum: 2031c5b19

Time (s): cpu = 00:00:43 ; elapsed = 00:00:34 . Memory (MB): peak = 1205.324 ; gain = 13.824
INFO: [Route 35-416] Intermediate Timing Summary | WNS=1.909  | TNS=0.000  | WHS=0.040  | THS=0.000  |

Phase 6.1 Hold Fix Iter | Checksum: 1f8f49a61

Time (s): cpu = 00:00:43 ; elapsed = 00:00:34 . Memory (MB): peak = 1205.324 ; gain = 13.824
Phase 6 Post Hold Fix | Checksum: 1f8f49a61

Time (s): cpu = 00:00:43 ; elapsed = 00:00:34 . Memory (MB): peak = 1205.324 ; gain = 13.824

Phase 7 Route finalize

Router Utilization Summary
  Global Vertical Routing Utilization    = 1.47333 %
  Global Horizontal Routing Utilization  = 1.6127 %
  Routable Net Status*
  *Does not include unroutable nets such as driverless and loadless.
  Run report_route_status for detailed report.
  Number of Failed Nets               = 0
  Number of Unrouted Nets             = 0
  Number of Partially Routed Nets     = 0
  Number of Node Overlaps             = 0

Phase 7 Route finalize | Checksum: 121d08ac8

Time (s): cpu = 00:00:43 ; elapsed = 00:00:34 . Memory (MB): peak = 1205.324 ; gain = 13.824

Phase 8 Verifying routed nets

 Verification completed successfully
Phase 8 Verifying routed nets | Checksum: 121d08ac8

Time (s): cpu = 00:00:43 ; elapsed = 00:00:34 . Memory (MB): peak = 1205.324 ; gain = 13.824

Phase 9 Depositing Routes
Phase 9 Depositing Routes | Checksum: a5bd153e

Time (s): cpu = 00:00:44 ; elapsed = 00:00:34 . Memory (MB): peak = 1205.324 ; gain = 13.824

Phase 10 Post Router Timing
INFO: [Route 35-57] Estimated Timing Summary | WNS=1.909  | TNS=0.000  | WHS=0.040  | THS=0.000  |

INFO: [Route 35-327] The final timing numbers are based on the router estimated timing analysis. For a complete and accurate timing signoff, please run report_timing_summary.
Phase 10 Post Router Timing | Checksum: a5bd153e

Time (s): cpu = 00:00:44 ; elapsed = 00:00:34 . Memory (MB): peak = 1205.324 ; gain = 13.824
INFO: [Route 35-16] Router Completed Successfully

Time (s): cpu = 00:00:44 ; elapsed = 00:00:35 . Memory (MB): peak = 1205.324 ; gain = 13.824

Routing Is Done.
INFO: [Common 17-83] Releasing license: Implementation
87 Infos, 84 Warnings, 61 Critical Warnings and 0 Errors encountered.
route_design completed successfully
route_design: Time (s): cpu = 00:00:46 ; elapsed = 00:00:36 . Memory (MB): peak = 1205.324 ; gain = 13.824
Writing placer database...
Writing XDEF routing.
Writing XDEF routing logical nets.
Writing XDEF routing special nets.
Write XDEF Complete: Time (s): cpu = 00:00:02 ; elapsed = 00:00:00.621 . Memory (MB): peak = 1205.324 ; gain = 0.000
INFO: [Common 17-1381] The checkpoint 'E:/Downloads/Basys3-master/Basys3-master/Projects/GPIO/proj/ALS_2/ALS_2.runs/impl_1/design_1_wrapper_routed.dcp' has been generated.
INFO: [DRC 23-27] Running DRC with 2 threads
INFO: [Coretcl 2-168] The results of DRC are in file E:/Downloads/Basys3-master/Basys3-master/Projects/GPIO/proj/ALS_2/ALS_2.runs/impl_1/design_1_wrapper_drc_routed.rpt.
INFO: [Timing 38-35] Done setting XDC timing constraints.
INFO: [DRC 23-133] Running Methodology with 2 threads
INFO: [Coretcl 2-1520] The results of Report Methodology are in file E:/Downloads/Basys3-master/Basys3-master/Projects/GPIO/proj/ALS_2/ALS_2.runs/impl_1/design_1_wrapper_methodology_drc_routed.rpt.
INFO: [Timing 38-35] Done setting XDC timing constraints.
INFO: [Timing 38-91] UpdateTimingParams: Speed grade: -1, Delay Type: min_max.
INFO: [Timing 38-191] Multithreading enabled for timing update using a maximum of 2 CPUs
INFO: [Timing 38-35] Done setting XDC timing constraints.
WARNING: [Timing 38-436] There are set_bus_skew constraint(s) in this design. Please run report_bus_skew to ensure that bus skew requirements are met.
Command: report_power -file design_1_wrapper_power_routed.rpt -pb design_1_wrapper_power_summary_routed.pb -rpx design_1_wrapper_power_routed.rpx
Running Vector-less Activity Propagation...

Finished Running Vector-less Activity Propagation
WARNING: [Power 33-332] Found switching activity that implies high-fanout reset nets being asserted for excessive periods of time which may result in inaccurate power analysis.
Resolution: To review and fix problems, please run Power Constraints Advisor in the GUI from Tools > Power Constraints Advisor or run report_power with the -advisory option to generate a text report.
97 Infos, 86 Warnings, 61 Critical Warnings and 0 Errors encountered.
report_power completed successfully
Command: write_bitstream -force -no_partial_bitfile design_1_wrapper.bit
Attempting to get a license for feature 'Implementation' and/or device 'xc7a35t'
INFO: [Common 17-349] Got license for feature 'Implementation' and/or device 'xc7a35t'
Running DRC as a precondition to command write_bitstream
INFO: [DRC 23-27] Running DRC with 2 threads
WARNING: [DRC 23-20] Rule violation (BUFC-1) Input Buffer Connections - Input buffer ja_pin10_iobuf/IBUF (in ja_pin10_iobuf macro) has no loads. It is recommended to have an input buffer drive an internal load.
WARNING: [DRC 23-20] Rule violation (BUFC-1) Input Buffer Connections - Input buffer ja_pin1_iobuf/IBUF (in ja_pin1_iobuf macro) has no loads. It is recommended to have an input buffer drive an internal load.
WARNING: [DRC 23-20] Rule violation (BUFC-1) Input Buffer Connections - Input buffer ja_pin4_iobuf/IBUF (in ja_pin4_iobuf macro) has no loads. It is recommended to have an input buffer drive an internal load.
WARNING: [DRC 23-20] Rule violation (BUFC-1) Input Buffer Connections - Input buffer ja_pin7_iobuf/IBUF (in ja_pin7_iobuf macro) has no loads. It is recommended to have an input buffer drive an internal load.
WARNING: [DRC 23-20] Rule violation (BUFC-1) Input Buffer Connections - Input buffer ja_pin8_iobuf/IBUF (in ja_pin8_iobuf macro) has no loads. It is recommended to have an input buffer drive an internal load.
WARNING: [DRC 23-20] Rule violation (BUFC-1) Input Buffer Connections - Input buffer ja_pin9_iobuf/IBUF (in ja_pin9_iobuf macro) has no loads. It is recommended to have an input buffer drive an internal load.
WARNING: [DRC 23-20] Rule violation (CFGBVS-1) Missing CFGBVS and CONFIG_VOLTAGE Design Properties - Neither the CFGBVS nor CONFIG_VOLTAGE voltage property is set in the current_design.  Configuration bank voltage select (CFGBVS) must be set to VCCO or GND, and CONFIG_VOLTAGE must be set to the correct configuration voltage, in order to determine the I/O voltage support for the pins in bank 0.  It is suggested to specify these either using the 'Edit Device Properties' function in the GUI or directly in the XDC file using the following syntax:

 set_property CFGBVS value1 [current_design]
 #where value1 is either VCCO or GND

 set_property CONFIG_VOLTAGE value2 [current_design]
 #where value2 is the voltage provided to configuration bank 0

Refer to the device configuration user guide for more information.
WARNING: [DRC 23-20] Rule violation (RTSTAT-10) No routable loads - 8 net(s) have no routable loads. The problem bus(es) and/or net(s) are design_1_i/PmodALS_0/inst/axi_quad_spi_0/U0/NO_DUAL_QUAD_MODE.QSPI_NORMAL/QSPI_LEGACY_MD_GEN.QSPI_CORE_INTERFACE_I/FIFO_EXISTS.RX_FIFO_II/USE_2N_DEPTH.V6_S6_AND_LATER.I_ASYNC_FIFO_BRAM/inst_fifo_gen/gconvfifo.rf/grf.rf/gntv_or_sync_fifo.gl0.rd/gr1.gr1_int.rfwft/aempty_fwft_i, design_1_i/PmodALS_0/inst/axi_quad_spi_0/U0/NO_DUAL_QUAD_MODE.QSPI_NORMAL/QSPI_LEGACY_MD_GEN.QSPI_CORE_INTERFACE_I/FIFO_EXISTS.TX_FIFO_II/USE_2N_DEPTH.V6_S6_AND_LATER.I_ASYNC_FIFO_BRAM/inst_fifo_gen/gconvfifo.rf/grf.rf/gntv_or_sync_fifo.gl0.rd/gr1.gr1_int.rfwft/aempty_fwft_i, design_1_i/PmodALS_0/inst/axi_quad_spi_0/U0/NO_DUAL_QUAD_MODE.QSPI_NORMAL/QSPI_LEGACY_MD_GEN.QSPI_CORE_INTERFACE_I/FIFO_EXISTS.RX_FIFO_II/USE_2N_DEPTH.V6_S6_AND_LATER.I_ASYNC_FIFO_BRAM/inst_fifo_gen/gconvfifo.rf/grf.rf/gntv_or_sync_fifo.gl0.rd/gras.rsts/ram_empty_i, design_1_i/PmodALS_0/inst/axi_quad_spi_0/U0/NO_DUAL_QUAD_MODE.QSPI_NORMAL/QSPI_LEGACY_MD_GEN.QSPI_CORE_INTERFACE_I/FIFO_EXISTS.TX_FIFO_II/USE_2N_DEPTH.V6_S6_AND_LATER.I_ASYNC_FIFO_BRAM/inst_fifo_gen/gconvfifo.rf/grf.rf/gntv_or_sync_fifo.gl0.rd/gras.rsts/ram_empty_i, design_1_i/PmodALS_0/inst/axi_quad_spi_0/U0/NO_DUAL_QUAD_MODE.QSPI_NORMAL/QSPI_LEGACY_MD_GEN.QSPI_CORE_INTERFACE_I/FIFO_EXISTS.RX_FIFO_II/USE_2N_DEPTH.V6_S6_AND_LATER.I_ASYNC_FIFO_BRAM/inst_fifo_gen/gconvfifo.rf/grf.rf/gntv_or_sync_fifo.gl0.rd/gr1.gr1_int.rfwft/user_valid, design_1_i/PmodALS_0/inst/axi_quad_spi_0/U0/NO_DUAL_QUAD_MODE.QSPI_NORMAL/QSPI_LEGACY_MD_GEN.QSPI_CORE_INTERFACE_I/FIFO_EXISTS.TX_FIFO_II/USE_2N_DEPTH.V6_S6_AND_LATER.I_ASYNC_FIFO_BRAM/inst_fifo_gen/gconvfifo.rf/grf.rf/gntv_or_sync_fifo.gl0.rd/gr1.gr1_int.rfwft/user_valid, design_1_i/PmodALS_0/inst/axi_quad_spi_0/U0/NO_DUAL_QUAD_MODE.QSPI_NORMAL/QSPI_LEGACY_MD_GEN.QSPI_CORE_INTERFACE_I/FIFO_EXISTS.RX_FIFO_II/USE_2N_DEPTH.V6_S6_AND_LATER.I_ASYNC_FIFO_BRAM/inst_fifo_gen/gconvfifo.rf/grf.rf/rstblk/wr_rst_reg[2], design_1_i/PmodALS_0/inst/axi_quad_spi_0/U0/NO_DUAL_QUAD_MODE.QSPI_NORMAL/QSPI_LEGACY_MD_GEN.QSPI_CORE_INTERFACE_I/FIFO_EXISTS.TX_FIFO_II/USE_2N_DEPTH.V6_S6_AND_LATER.I_ASYNC_FIFO_BRAM/inst_fifo_gen/gconvfifo.rf/grf.rf/rstblk/wr_rst_reg[2].
INFO: [Vivado 12-3199] DRC finished with 0 Errors, 8 Warnings
INFO: [Vivado 12-3200] Please refer to the DRC report (report_drc) for more information.
Generating merged BMM file for the design top 'design_1_wrapper'...
INFO: [Memdata 28-144] Successfully populated the BRAM INIT strings from the following elf files: e:/Downloads/Basys3-master/Basys3-master/Projects/GPIO/proj/ALS_2/ALS_2.srcs/sources_1/bd/design_1/ip/design_1_microblaze_0_0/data/mb_bootloop_le.elf 
Loading data files...
Loading site data...
Loading route data...
Processing options...
Creating bitmap...
Creating bitstream...
Writing bitstream ./design_1_wrapper.bit...
INFO: [Vivado 12-1842] Bitgen Completed Successfully.
INFO: [Project 1-120] WebTalk data collection is mandatory when using a WebPACK part without a full Vivado license. To see the specific WebTalk data collected for your design, open the usage_statistics_webtalk.html or usage_statistics_webtalk.xml file in the implementation directory.
INFO: [Common 17-186] 'E:/Downloads/Basys3-master/Basys3-master/Projects/GPIO/proj/ALS_2/ALS_2.runs/impl_1/usage_statistics_webtalk.xml' has been successfully sent to Xilinx on Tue May 09 14:55:11 2017. For additional details about this file, please refer to the WebTalk help file at E:/CSUSM/Xlink/Vivado/2016.4/doc/webtalk_introduction.html.
INFO: [Common 17-83] Releasing license: Implementation
106 Infos, 94 Warnings, 61 Critical Warnings and 0 Errors encountered.
write_bitstream completed successfully
write_bitstream: Time (s): cpu = 00:00:27 ; elapsed = 00:00:29 . Memory (MB): peak = 1570.934 ; gain = 341.738
INFO: [Common 17-206] Exiting Vivado at Tue May 09 14:55:12 2017...
